Starting experiment. Dataset: adult; loss: square; eps list: [0.1]; Solver: OLS
Running on full original data....
<function expgrad.<locals>.<lambda> at 0x7f8c6c406730>
epsilon value:  0.1 : number of oracle calls 9
Done for full original data.... for eps =  0.1 


computing svd now...
Got the svd...
RunId =  1  For Epsilon =  0.1 


starting to get the coreset....
Going for sampling...
num Points Sampled -- for r =  0.5  and uniq num points =  163
num Points Sampled -- for r =  0.5  and num points =  5026
got the coreset
Running on the coreset....
<function expgrad.<locals>.<lambda> at 0x7f8c61471bf8>
epsilon value:  0.1 : number of oracle calls 15
Evaluating Coreset model on Coreset Sketch...
Applying Coreset model on Train Data
Applying Coreset model on Test Data
Applying Train model on Coreset
starting to get the uniform sample of size ---.... 163
Going for sampling...
num Points Uniformly Sampled after weighing -- for r =  0.5  and num points =  4890
got the unformly sampled points...
Running on Uniform samples...
<function expgrad.<locals>.<lambda> at 0x7f8c4bc692f0>
epsilon value:  0.1 : number of oracle calls 18
Evaluating Uniform model on Uni Sketch...
Applying Uni model on Train Data
Applying Uni model on Test Data
Applying train model on Uniform Sketch




RunId =  1  For Epsilon =  0.1
Dataset: adult; loss: square; Solver: OLS
Train set trade-off:
   specified epsilon  SP disparity     RMSE
0                0.1           0.1  0.35023
------------------------------------------------
Coreset set trade-off:
   specified epsilon  SP disparity      RMSE
0                0.1           0.1  0.255894
------------------------------------------------
Uniform Sketch set trade-off:
   specified epsilon  SP disparity      RMSE
0                0.1           0.1  0.315608
------------------------------------------------
Coreset Model on Train set trade-off:
   specified epsilon  SP disparity      RMSE
0                0.1      0.105703  0.433179
------------------------------------------------
Uniform Model on Train set trade-off:
   specified epsilon  SP disparity      RMSE
0                0.1       0.09141  0.402499
------------------------------------------------
Train on Test set trade-off:
   specified epsilon  SP disparity      RMSE
0                0.1      0.090273  0.354689
------------------------------------------------
Cor on Test set trade-off:
   specified epsilon  SP disparity      RMSE
0                0.1      0.103948  0.437932
------------------------------------------------
Uni on Test set trade-off:
   specified epsilon  SP disparity      RMSE
0                0.1      0.068715  0.405003
------------------------------------------------
Train Model on Coreset set trade-off:
   specified epsilon  SP disparity      RMSE
0                0.1      0.133734  0.360454
------------------------------------------------
Train on Uniform data set trade-off:
   specified epsilon  SP disparity      RMSE
0                0.1      0.096902  0.367828
------------------------------------------------
RunId =  2  For Epsilon =  0.1 


starting to get the coreset....
Going for sampling...
num Points Sampled -- for r =  0.5  and uniq num points =  170
num Points Sampled -- for r =  0.5  and num points =  5085
got the coreset
Running on the coreset....
<function expgrad.<locals>.<lambda> at 0x7f8c61462488>
epsilon value:  0.1 : number of oracle calls 21
Evaluating Coreset model on Coreset Sketch...
Applying Coreset model on Train Data
Applying Coreset model on Test Data
Applying Train model on Coreset
starting to get the uniform sample of size ---.... 170
Going for sampling...
num Points Uniformly Sampled after weighing -- for r =  0.5  and num points =  4930
got the unformly sampled points...
Running on Uniform samples...
<function expgrad.<locals>.<lambda> at 0x7f8c61462950>
epsilon value:  0.1 : number of oracle calls 9
Evaluating Uniform model on Uni Sketch...
Applying Uni model on Train Data
Applying Uni model on Test Data
Applying train model on Uniform Sketch




RunId =  2  For Epsilon =  0.1
Dataset: adult; loss: square; Solver: OLS
Train set trade-off:
   specified epsilon  SP disparity     RMSE
0                0.1           0.1  0.35023
------------------------------------------------
Coreset set trade-off:
   specified epsilon  SP disparity     RMSE
0                0.1           0.1  0.26722
------------------------------------------------
Uniform Sketch set trade-off:
   specified epsilon  SP disparity      RMSE
0                0.1           0.1  0.265879
------------------------------------------------
Coreset Model on Train set trade-off:
   specified epsilon  SP disparity      RMSE
0                0.1      0.128735  0.406541
------------------------------------------------
Uniform Model on Train set trade-off:
   specified epsilon  SP disparity      RMSE
0                0.1       0.14783  0.387692
------------------------------------------------
Train on Test set trade-off:
   specified epsilon  SP disparity      RMSE
0                0.1      0.090273  0.354689
------------------------------------------------
Cor on Test set trade-off:
   specified epsilon  SP disparity      RMSE
0                0.1      0.122082  0.407146
------------------------------------------------
Uni on Test set trade-off:
   specified epsilon  SP disparity      RMSE
0                0.1       0.13892  0.394196
------------------------------------------------
Train Model on Coreset set trade-off:
   specified epsilon  SP disparity      RMSE
0                0.1      0.169885  0.343836
------------------------------------------------
Train on Uniform data set trade-off:
   specified epsilon  SP disparity      RMSE
0                0.1      0.074581  0.346896
------------------------------------------------
RunId =  3  For Epsilon =  0.1 


starting to get the coreset....
Going for sampling...
num Points Sampled -- for r =  0.5  and uniq num points =  148
num Points Sampled -- for r =  0.5  and num points =  4361
got the coreset
Running on the coreset....
<function expgrad.<locals>.<lambda> at 0x7f8c6147ac80>
epsilon value:  0.1 : number of oracle calls 21
Evaluating Coreset model on Coreset Sketch...
Applying Coreset model on Train Data
Applying Coreset model on Test Data
Applying Train model on Coreset
starting to get the uniform sample of size ---.... 148
Going for sampling...
num Points Uniformly Sampled after weighing -- for r =  0.5  and num points =  4884
got the unformly sampled points...
Running on Uniform samples...
<function expgrad.<locals>.<lambda> at 0x7f8c6c445598>
epsilon value:  0.1 : number of oracle calls 21
Evaluating Uniform model on Uni Sketch...
Applying Uni model on Train Data
Applying Uni model on Test Data
Applying train model on Uniform Sketch




RunId =  3  For Epsilon =  0.1
Dataset: adult; loss: square; Solver: OLS
Train set trade-off:
   specified epsilon  SP disparity     RMSE
0                0.1           0.1  0.35023
------------------------------------------------
Coreset set trade-off:
   specified epsilon  SP disparity      RMSE
0                0.1           0.1  0.271167
------------------------------------------------
Uniform Sketch set trade-off:
   specified epsilon  SP disparity     RMSE
0                0.1           0.1  0.31228
------------------------------------------------
Coreset Model on Train set trade-off:
   specified epsilon  SP disparity      RMSE
0                0.1      0.137039  0.411911
------------------------------------------------
Uniform Model on Train set trade-off:
   specified epsilon  SP disparity      RMSE
0                0.1      0.125956  0.420397
------------------------------------------------
Train on Test set trade-off:
   specified epsilon  SP disparity      RMSE
0                0.1      0.090273  0.354689
------------------------------------------------
Cor on Test set trade-off:
   specified epsilon  SP disparity      RMSE
0                0.1      0.135021  0.417979
------------------------------------------------
Uni on Test set trade-off:
   specified epsilon  SP disparity      RMSE
0                0.1      0.117424  0.424826
------------------------------------------------
Train Model on Coreset set trade-off:
   specified epsilon  SP disparity      RMSE
0                0.1      0.120044  0.351954
------------------------------------------------
Train on Uniform data set trade-off:
   specified epsilon  SP disparity      RMSE
0                0.1      0.093176  0.371085
------------------------------------------------
done with epsilon 0.1
