Starting experiment. Dataset: adult; loss: square; eps list: [0.05]; Solver: OLS
Running on full original data....
<function expgrad.<locals>.<lambda> at 0x7f7e21896598>
epsilon value:  0.05 : number of oracle calls 17
Done for full original data.... for eps =  0.05 


computing svd now...
Got the svd...
RunId =  1  For Epsilon =  0.05 


starting to get the coreset....
Going for sampling...
num Points Sampled -- for r =  1.0  and uniq num points =  334
num Points Sampled -- for r =  1.0  and num points =  15240
got the coreset
Running on the coreset....
<function expgrad.<locals>.<lambda> at 0x7f7e218967b8>
epsilon value:  0.05 : number of oracle calls 12
Evaluating Coreset model on Coreset Sketch...
Applying Coreset model on Train Data
Applying Coreset model on Test Data
Applying Train model on Coreset
starting to get the uniform sample of size ---.... 334
Going for sampling...
num Points Uniformly Sampled after weighing -- for r =  1.0  and num points =  15030
got the unformly sampled points...
Running on Uniform samples...
<function expgrad.<locals>.<lambda> at 0x7f7e1ad1a840>
epsilon value:  0.05 : number of oracle calls 20
Evaluating Uniform model on Uni Sketch...
Applying Uni model on Train Data
Applying Uni model on Test Data
Applying train model on Uniform Sketch




RunId =  1  For Epsilon =  0.05
Dataset: adult; loss: square; Solver: OLS
Train set trade-off:
   specified epsilon  SP disparity      RMSE
0               0.05          0.05  0.359484
------------------------------------------------
Coreset set trade-off:
   specified epsilon  SP disparity      RMSE
0               0.05          0.05  0.328949
------------------------------------------------
Uniform Sketch set trade-off:
   specified epsilon  SP disparity      RMSE
0               0.05          0.05  0.288141
------------------------------------------------
Coreset Model on Train set trade-off:
   specified epsilon  SP disparity      RMSE
0               0.05      0.068902  0.388809
------------------------------------------------
Uniform Model on Train set trade-off:
   specified epsilon  SP disparity      RMSE
0               0.05      0.075006  0.377656
------------------------------------------------
Train on Test set trade-off:
   specified epsilon  SP disparity      RMSE
0               0.05      0.054213  0.358576
------------------------------------------------
Cor on Test set trade-off:
   specified epsilon  SP disparity      RMSE
0               0.05      0.074518  0.388847
------------------------------------------------
Uni on Test set trade-off:
   specified epsilon  SP disparity      RMSE
0               0.05      0.076836  0.374341
------------------------------------------------
Train Model on Coreset set trade-off:
   specified epsilon  SP disparity      RMSE
0               0.05      0.081016  0.375282
------------------------------------------------
Train on Uniform data set trade-off:
   specified epsilon  SP disparity      RMSE
0               0.05       0.06812  0.330927
------------------------------------------------
RunId =  2  For Epsilon =  0.05 


starting to get the coreset....
Going for sampling...
num Points Sampled -- for r =  1.0  and uniq num points =  273
num Points Sampled -- for r =  1.0  and num points =  12789
got the coreset
Running on the coreset....
<function expgrad.<locals>.<lambda> at 0x7f7e218967b8>
epsilon value:  0.05 : number of oracle calls 21
Evaluating Coreset model on Coreset Sketch...
Applying Coreset model on Train Data
Applying Coreset model on Test Data
Applying Train model on Coreset
starting to get the uniform sample of size ---.... 273
Going for sampling...
num Points Uniformly Sampled after weighing -- for r =  1.0  and num points =  15015
got the unformly sampled points...
Running on Uniform samples...
<function expgrad.<locals>.<lambda> at 0x7f7de78406a8>
epsilon value:  0.05 : number of oracle calls 15
Evaluating Uniform model on Uni Sketch...
Applying Uni model on Train Data
Applying Uni model on Test Data
Applying train model on Uniform Sketch




RunId =  2  For Epsilon =  0.05
Dataset: adult; loss: square; Solver: OLS
Train set trade-off:
   specified epsilon  SP disparity      RMSE
0               0.05          0.05  0.359484
------------------------------------------------
Coreset set trade-off:
   specified epsilon  SP disparity      RMSE
0               0.05          0.05  0.331851
------------------------------------------------
Uniform Sketch set trade-off:
   specified epsilon  SP disparity      RMSE
0               0.05          0.05  0.313138
------------------------------------------------
Coreset Model on Train set trade-off:
   specified epsilon  SP disparity      RMSE
0               0.05      0.059765  0.398644
------------------------------------------------
Uniform Model on Train set trade-off:
   specified epsilon  SP disparity      RMSE
0               0.05      0.033215  0.396376
------------------------------------------------
Train on Test set trade-off:
   specified epsilon  SP disparity      RMSE
0               0.05      0.054213  0.358576
------------------------------------------------
Cor on Test set trade-off:
   specified epsilon  SP disparity      RMSE
0               0.05       0.05887  0.397841
------------------------------------------------
Uni on Test set trade-off:
   specified epsilon  SP disparity      RMSE
0               0.05      0.037346  0.394847
------------------------------------------------
Train Model on Coreset set trade-off:
   specified epsilon  SP disparity      RMSE
0               0.05      0.082903  0.372063
------------------------------------------------
Train on Uniform data set trade-off:
   specified epsilon  SP disparity     RMSE
0               0.05       0.05724  0.36714
------------------------------------------------
RunId =  3  For Epsilon =  0.05 


starting to get the coreset....
Going for sampling...
num Points Sampled -- for r =  1.0  and uniq num points =  314
num Points Sampled -- for r =  1.0  and num points =  15123
got the coreset
Running on the coreset....
<function expgrad.<locals>.<lambda> at 0x7f7e218968c8>
epsilon value:  0.05 : number of oracle calls 12
Evaluating Coreset model on Coreset Sketch...
Applying Coreset model on Train Data
Applying Coreset model on Test Data
Applying Train model on Coreset
starting to get the uniform sample of size ---.... 314
Going for sampling...
num Points Uniformly Sampled after weighing -- for r =  1.0  and num points =  15072
got the unformly sampled points...
Running on Uniform samples...
<function expgrad.<locals>.<lambda> at 0x7f7e21892378>
epsilon value:  0.05 : number of oracle calls 12
Evaluating Uniform model on Uni Sketch...
Applying Uni model on Train Data
Applying Uni model on Test Data
Applying train model on Uniform Sketch




RunId =  3  For Epsilon =  0.05
Dataset: adult; loss: square; Solver: OLS
Train set trade-off:
   specified epsilon  SP disparity      RMSE
0               0.05          0.05  0.359484
------------------------------------------------
Coreset set trade-off:
   specified epsilon  SP disparity      RMSE
0               0.05          0.05  0.305297
------------------------------------------------
Uniform Sketch set trade-off:
   specified epsilon  SP disparity      RMSE
0               0.05          0.05  0.315028
------------------------------------------------
Coreset Model on Train set trade-off:
   specified epsilon  SP disparity      RMSE
0               0.05       0.00963  0.385429
------------------------------------------------
Uniform Model on Train set trade-off:
   specified epsilon  SP disparity      RMSE
0               0.05      0.131752  0.365421
------------------------------------------------
Train on Test set trade-off:
   specified epsilon  SP disparity      RMSE
0               0.05      0.054213  0.358576
------------------------------------------------
Cor on Test set trade-off:
   specified epsilon  SP disparity      RMSE
0               0.05       0.01138  0.383539
------------------------------------------------
Uni on Test set trade-off:
   specified epsilon  SP disparity      RMSE
0               0.05      0.126722  0.361683
------------------------------------------------
Train Model on Coreset set trade-off:
   specified epsilon  SP disparity      RMSE
0               0.05      0.098967  0.361312
------------------------------------------------
Train on Uniform data set trade-off:
   specified epsilon  SP disparity      RMSE
0               0.05      0.096218  0.350004
------------------------------------------------
done with epsilon 0.05
