Starting experiment. Dataset: adult; loss: square; eps list: [0.05]; Solver: OLS
Running on full original data....
<function expgrad.<locals>.<lambda> at 0x7f05d9b8fae8>
epsilon value:  0.05 : number of oracle calls 16
Done for full original data.... for eps =  0.05 


computing svd now...
Got the svd...
RunId =  1  For Epsilon =  0.05 


starting to get the coreset....
Going for sampling...
num Points Sampled -- for r =  2.0  and uniq num points =  703
num Points Sampled -- for r =  2.0  and num points =  16394
got the coreset
Running on the coreset....
<function expgrad.<locals>.<lambda> at 0x7f05d9a67c80>
epsilon value:  0.05 : number of oracle calls 18
Evaluating Coreset model on Coreset Sketch...
Applying Coreset model on Train Data
Applying Coreset model on Test Data
Applying Train model on Coreset
starting to get the uniform sample of size ---.... 703
Going for sampling...
num Points Uniformly Sampled after weighing -- for r =  2.0  and num points =  14763
got the unformly sampled points...
Running on Uniform samples...
<function expgrad.<locals>.<lambda> at 0x7f05d9a67598>
epsilon value:  0.05 : number of oracle calls 12
Evaluating Uniform model on Uni Sketch...
Applying Uni model on Train Data
Applying Uni model on Test Data
Applying train model on Uniform Sketch




RunId =  1  For Epsilon =  0.05
Dataset: adult; loss: square; Solver: OLS
Train set trade-off:
   specified epsilon  SP disparity      RMSE
0               0.05          0.05  0.360278
------------------------------------------------
Coreset set trade-off:
   specified epsilon  SP disparity      RMSE
0               0.05          0.05  0.343108
------------------------------------------------
Uniform Sketch set trade-off:
   specified epsilon  SP disparity      RMSE
0               0.05          0.05  0.357198
------------------------------------------------
Coreset Model on Train set trade-off:
   specified epsilon  SP disparity      RMSE
0               0.05       0.06507  0.376481
------------------------------------------------
Uniform Model on Train set trade-off:
   specified epsilon  SP disparity     RMSE
0               0.05       0.04437  0.38763
------------------------------------------------
Train on Test set trade-off:
   specified epsilon  SP disparity      RMSE
0               0.05      0.054903  0.360843
------------------------------------------------
Cor on Test set trade-off:
   specified epsilon  SP disparity      RMSE
0               0.05      0.059883  0.376522
------------------------------------------------
Uni on Test set trade-off:
   specified epsilon  SP disparity      RMSE
0               0.05      0.041026  0.389512
------------------------------------------------
Train Model on Coreset set trade-off:
   specified epsilon  SP disparity     RMSE
0               0.05      0.077413  0.35658
------------------------------------------------
Train on Uniform data set trade-off:
   specified epsilon  SP disparity      RMSE
0               0.05      0.085897  0.358851
------------------------------------------------
RunId =  2  For Epsilon =  0.05 


starting to get the coreset....
Going for sampling...
num Points Sampled -- for r =  2.0  and uniq num points =  660
num Points Sampled -- for r =  2.0  and num points =  15176
got the coreset
Running on the coreset....
<function expgrad.<locals>.<lambda> at 0x7f05d9c2c598>
epsilon value:  0.05 : number of oracle calls 12
Evaluating Coreset model on Coreset Sketch...
Applying Coreset model on Train Data
Applying Coreset model on Test Data
Applying Train model on Coreset
starting to get the uniform sample of size ---.... 660
Going for sampling...
num Points Uniformly Sampled after weighing -- for r =  2.0  and num points =  14520
got the unformly sampled points...
Running on Uniform samples...
<function expgrad.<locals>.<lambda> at 0x7f05d9a76950>
epsilon value:  0.05 : number of oracle calls 18
Evaluating Uniform model on Uni Sketch...
Applying Uni model on Train Data
Applying Uni model on Test Data
Applying train model on Uniform Sketch




RunId =  2  For Epsilon =  0.05
Dataset: adult; loss: square; Solver: OLS
Train set trade-off:
   specified epsilon  SP disparity      RMSE
0               0.05          0.05  0.360278
------------------------------------------------
Coreset set trade-off:
   specified epsilon  SP disparity      RMSE
0               0.05          0.05  0.345819
------------------------------------------------
Uniform Sketch set trade-off:
   specified epsilon  SP disparity      RMSE
0               0.05          0.05  0.343436
------------------------------------------------
Coreset Model on Train set trade-off:
   specified epsilon  SP disparity      RMSE
0               0.05      0.048742  0.379178
------------------------------------------------
Uniform Model on Train set trade-off:
   specified epsilon  SP disparity      RMSE
0               0.05      0.045264  0.369628
------------------------------------------------
Train on Test set trade-off:
   specified epsilon  SP disparity      RMSE
0               0.05      0.054903  0.360843
------------------------------------------------
Cor on Test set trade-off:
   specified epsilon  SP disparity      RMSE
0               0.05      0.049835  0.377748
------------------------------------------------
Uni on Test set trade-off:
   specified epsilon  SP disparity      RMSE
0               0.05      0.039221  0.370058
------------------------------------------------
Train Model on Coreset set trade-off:
   specified epsilon  SP disparity      RMSE
0               0.05      0.081292  0.354755
------------------------------------------------
Train on Uniform data set trade-off:
   specified epsilon  SP disparity      RMSE
0               0.05      0.073267  0.358351
------------------------------------------------
RunId =  3  For Epsilon =  0.05 


starting to get the coreset....
Going for sampling...
num Points Sampled -- for r =  2.0  and uniq num points =  634
num Points Sampled -- for r =  2.0  and num points =  14495
got the coreset
Running on the coreset....
<function expgrad.<locals>.<lambda> at 0x7f05d9b8fa60>
epsilon value:  0.05 : number of oracle calls 19
Evaluating Coreset model on Coreset Sketch...
Applying Coreset model on Train Data
Applying Coreset model on Test Data
Applying Train model on Coreset
starting to get the uniform sample of size ---.... 634
Going for sampling...
num Points Uniformly Sampled after weighing -- for r =  2.0  and num points =  14582
got the unformly sampled points...
Running on Uniform samples...
<function expgrad.<locals>.<lambda> at 0x7f05d9a71c80>
epsilon value:  0.05 : number of oracle calls 20
Evaluating Uniform model on Uni Sketch...
Applying Uni model on Train Data
Applying Uni model on Test Data
Applying train model on Uniform Sketch




RunId =  3  For Epsilon =  0.05
Dataset: adult; loss: square; Solver: OLS
Train set trade-off:
   specified epsilon  SP disparity      RMSE
0               0.05          0.05  0.360278
------------------------------------------------
Coreset set trade-off:
   specified epsilon  SP disparity      RMSE
0               0.05          0.05  0.332374
------------------------------------------------
Uniform Sketch set trade-off:
   specified epsilon  SP disparity      RMSE
0               0.05          0.05  0.343924
------------------------------------------------
Coreset Model on Train set trade-off:
   specified epsilon  SP disparity      RMSE
0               0.05      0.094877  0.366732
------------------------------------------------
Uniform Model on Train set trade-off:
   specified epsilon  SP disparity      RMSE
0               0.05      0.060544  0.373773
------------------------------------------------
Train on Test set trade-off:
   specified epsilon  SP disparity      RMSE
0               0.05      0.054903  0.360843
------------------------------------------------
Cor on Test set trade-off:
   specified epsilon  SP disparity      RMSE
0               0.05      0.077227  0.368141
------------------------------------------------
Uni on Test set trade-off:
   specified epsilon  SP disparity      RMSE
0               0.05      0.045072  0.374217
------------------------------------------------
Train Model on Coreset set trade-off:
   specified epsilon  SP disparity      RMSE
0               0.05      0.054211  0.353387
------------------------------------------------
Train on Uniform data set trade-off:
   specified epsilon  SP disparity      RMSE
0               0.05      0.066825  0.363712
------------------------------------------------
done with epsilon 0.05
