Starting experiment. Dataset: adult; loss: square; eps list: [0.2]; Solver: OLS
Running on full original data....
<function expgrad.<locals>.<lambda> at 0x7f9821ae28c8>
epsilon value:  0.2 : number of oracle calls 9
Done for full original data.... for eps =  0.2 


computing svd now...
Got the svd...
RunId =  1  For Epsilon =  0.2 


starting to get the coreset....
Going for sampling...
num Points Sampled -- for r =  0.5  and uniq num points =  158
num Points Sampled -- for r =  0.5  and num points =  4984
got the coreset
Running on the coreset....
<function expgrad.<locals>.<lambda> at 0x7f9821a95400>
epsilon value:  0.2 : number of oracle calls 9
Evaluating Coreset model on Coreset Sketch...
Applying Coreset model on Train Data
Applying Coreset model on Test Data
Applying Train model on Coreset
starting to get the uniform sample of size ---.... 158
Going for sampling...
num Points Uniformly Sampled after weighing -- for r =  0.5  and num points =  4898
got the unformly sampled points...
Running on Uniform samples...
<function expgrad.<locals>.<lambda> at 0x7f9821adbc80>
epsilon value:  0.2 : number of oracle calls 6
Evaluating Uniform model on Uni Sketch...
Applying Uni model on Train Data
Applying Uni model on Test Data
Applying train model on Uniform Sketch




RunId =  1  For Epsilon =  0.2
Dataset: adult; loss: square; Solver: OLS
Train set trade-off:
       RMSE  SP disparity  specified epsilon
0  0.340367           0.2                0.2
------------------------------------------------
Coreset set trade-off:
       RMSE  SP disparity  specified epsilon
0  0.277692           0.2                0.2
------------------------------------------------
Uniform Sketch set trade-off:
       RMSE  SP disparity  specified epsilon
0  0.251054       0.12597                0.2
------------------------------------------------
Coreset Model on Train set trade-off:
       RMSE  SP disparity  specified epsilon
0  0.438268      0.172786                0.2
------------------------------------------------
Uniform Model on Train set trade-off:
       RMSE  SP disparity  specified epsilon
0  0.392289      0.186839                0.2
------------------------------------------------
Train on Test set trade-off:
      RMSE  SP disparity  specified epsilon
0  0.34505      0.186878                0.2
------------------------------------------------
Cor on Test set trade-off:
       RMSE  SP disparity  specified epsilon
0  0.442479      0.151454                0.2
------------------------------------------------
Uni on Test set trade-off:
       RMSE  SP disparity  specified epsilon
0  0.398266      0.181668                0.2
------------------------------------------------
Train Model on Coreset set trade-off:
       RMSE  SP disparity  specified epsilon
0  0.355318      0.213318                0.2
------------------------------------------------
Train on Uniform data set trade-off:
       RMSE  SP disparity  specified epsilon
0  0.339214      0.108021                0.2
------------------------------------------------
RunId =  2  For Epsilon =  0.2 


starting to get the coreset....
Going for sampling...
num Points Sampled -- for r =  0.5  and uniq num points =  181
num Points Sampled -- for r =  0.5  and num points =  5515
got the coreset
Running on the coreset....
<function expgrad.<locals>.<lambda> at 0x7f9821a95b70>
epsilon value:  0.2 : number of oracle calls 6
Evaluating Coreset model on Coreset Sketch...
Applying Coreset model on Train Data
Applying Coreset model on Test Data
Applying Train model on Coreset
starting to get the uniform sample of size ---.... 181
Going for sampling...
num Points Uniformly Sampled after weighing -- for r =  0.5  and num points =  4887
got the unformly sampled points...
Running on Uniform samples...
<function expgrad.<locals>.<lambda> at 0x7f9821a95ae8>
epsilon value:  0.2 : number of oracle calls 12
Evaluating Uniform model on Uni Sketch...
Applying Uni model on Train Data
Applying Uni model on Test Data
Applying train model on Uniform Sketch




RunId =  2  For Epsilon =  0.2
Dataset: adult; loss: square; Solver: OLS
Train set trade-off:
       RMSE  SP disparity  specified epsilon
0  0.340367           0.2                0.2
------------------------------------------------
Coreset set trade-off:
       RMSE  SP disparity  specified epsilon
0  0.273339      0.198173                0.2
------------------------------------------------
Uniform Sketch set trade-off:
      RMSE  SP disparity  specified epsilon
0  0.23781           0.2                0.2
------------------------------------------------
Coreset Model on Train set trade-off:
       RMSE  SP disparity  specified epsilon
0  0.389215       0.22471                0.2
------------------------------------------------
Uniform Model on Train set trade-off:
       RMSE  SP disparity  specified epsilon
0  0.395409      0.110175                0.2
------------------------------------------------
Train on Test set trade-off:
      RMSE  SP disparity  specified epsilon
0  0.34505      0.186878                0.2
------------------------------------------------
Cor on Test set trade-off:
       RMSE  SP disparity  specified epsilon
0  0.390995      0.213058                0.2
------------------------------------------------
Uni on Test set trade-off:
       RMSE  SP disparity  specified epsilon
0  0.393791      0.091556                0.2
------------------------------------------------
Train Model on Coreset set trade-off:
       RMSE  SP disparity  specified epsilon
0  0.340805       0.17604                0.2
------------------------------------------------
Train on Uniform data set trade-off:
       RMSE  SP disparity  specified epsilon
0  0.317227      0.216965                0.2
------------------------------------------------
RunId =  3  For Epsilon =  0.2 


starting to get the coreset....
Going for sampling...
num Points Sampled -- for r =  0.5  and uniq num points =  149
num Points Sampled -- for r =  0.5  and num points =  4465
got the coreset
Running on the coreset....
<function expgrad.<locals>.<lambda> at 0x7f9821a95ae8>
epsilon value:  0.2 : number of oracle calls 6
Evaluating Coreset model on Coreset Sketch...
Applying Coreset model on Train Data
Applying Coreset model on Test Data
Applying Train model on Coreset
starting to get the uniform sample of size ---.... 149
Going for sampling...
num Points Uniformly Sampled after weighing -- for r =  0.5  and num points =  4917
got the unformly sampled points...
Running on Uniform samples...
<function expgrad.<locals>.<lambda> at 0x7f9821b2df28>
epsilon value:  0.2 : number of oracle calls 12
Evaluating Uniform model on Uni Sketch...
Applying Uni model on Train Data
Applying Uni model on Test Data
Applying train model on Uniform Sketch




RunId =  3  For Epsilon =  0.2
Dataset: adult; loss: square; Solver: OLS
Train set trade-off:
       RMSE  SP disparity  specified epsilon
0  0.340367           0.2                0.2
------------------------------------------------
Coreset set trade-off:
       RMSE  SP disparity  specified epsilon
0  0.226897      0.111583                0.2
------------------------------------------------
Uniform Sketch set trade-off:
       RMSE  SP disparity  specified epsilon
0  0.263956           0.2                0.2
------------------------------------------------
Coreset Model on Train set trade-off:
       RMSE  SP disparity  specified epsilon
0  0.446583      0.085459                0.2
------------------------------------------------
Uniform Model on Train set trade-off:
       RMSE  SP disparity  specified epsilon
0  0.411612      0.103378                0.2
------------------------------------------------
Train on Test set trade-off:
      RMSE  SP disparity  specified epsilon
0  0.34505      0.186878                0.2
------------------------------------------------
Cor on Test set trade-off:
       RMSE  SP disparity  specified epsilon
0  0.443162      0.089715                0.2
------------------------------------------------
Uni on Test set trade-off:
       RMSE  SP disparity  specified epsilon
0  0.417229        0.0847                0.2
------------------------------------------------
Train Model on Coreset set trade-off:
       RMSE  SP disparity  specified epsilon
0  0.342778      0.222817                0.2
------------------------------------------------
Train on Uniform data set trade-off:
       RMSE  SP disparity  specified epsilon
0  0.324045      0.298398                0.2
------------------------------------------------
done with epsilon 0.2
