Starting experiment. Dataset: adult; loss: square; eps list: [0.1]; Solver: OLS
Running on full original data....
<function expgrad.<locals>.<lambda> at 0x7f4335ae9ea0>
epsilon value:  0.1 : number of oracle calls 9
Done for full original data.... for eps =  0.1 


computing svd now...
Got the svd...
RunId =  1  For Epsilon =  0.1 


starting to get the coreset....
Going for sampling...
num Points Sampled -- for r =  1.0  and uniq num points =  348
num Points Sampled -- for r =  1.0  and num points =  5173
got the coreset
Running on the coreset....
<function expgrad.<locals>.<lambda> at 0x7f432ab15e18>
epsilon value:  0.1 : number of oracle calls 9
Evaluating Coreset model on Coreset Sketch...
Applying Coreset model on Train Data
Applying Coreset model on Test Data
Applying Train model on Coreset
starting to get the uniform sample of size ---.... 348
Going for sampling...
num Points Uniformly Sampled after weighing -- for r =  1.0  and num points =  4872
got the unformly sampled points...
Running on Uniform samples...
<function expgrad.<locals>.<lambda> at 0x7f431530c158>
epsilon value:  0.1 : number of oracle calls 15
Evaluating Uniform model on Uni Sketch...
Applying Uni model on Train Data
Applying Uni model on Test Data
Applying train model on Uniform Sketch




RunId =  1  For Epsilon =  0.1
Dataset: adult; loss: square; Solver: OLS
Train set trade-off:
   specified epsilon  SP disparity     RMSE
0                0.1           0.1  0.35023
------------------------------------------------
Coreset set trade-off:
   specified epsilon  SP disparity      RMSE
0                0.1           0.1  0.310652
------------------------------------------------
Uniform Sketch set trade-off:
   specified epsilon  SP disparity      RMSE
0                0.1           0.1  0.332122
------------------------------------------------
Coreset Model on Train set trade-off:
   specified epsilon  SP disparity      RMSE
0                0.1      0.112772  0.375565
------------------------------------------------
Uniform Model on Train set trade-off:
   specified epsilon  SP disparity      RMSE
0                0.1      0.092812  0.373306
------------------------------------------------
Train on Test set trade-off:
   specified epsilon  SP disparity      RMSE
0                0.1      0.090273  0.354689
------------------------------------------------
Cor on Test set trade-off:
   specified epsilon  SP disparity      RMSE
0                0.1       0.11543  0.379933
------------------------------------------------
Uni on Test set trade-off:
   specified epsilon  SP disparity      RMSE
0                0.1      0.107218  0.378519
------------------------------------------------
Train Model on Coreset set trade-off:
   specified epsilon  SP disparity      RMSE
0                0.1      0.077414  0.347383
------------------------------------------------
Train on Uniform data set trade-off:
   specified epsilon  SP disparity      RMSE
0                0.1      0.150164  0.355886
------------------------------------------------
RunId =  2  For Epsilon =  0.1 


starting to get the coreset....
Going for sampling...
num Points Sampled -- for r =  1.0  and uniq num points =  327
num Points Sampled -- for r =  1.0  and num points =  5011
got the coreset
Running on the coreset....
<function expgrad.<locals>.<lambda> at 0x7f432ab15a60>
epsilon value:  0.1 : number of oracle calls 12
Evaluating Coreset model on Coreset Sketch...
Applying Coreset model on Train Data
Applying Coreset model on Test Data
Applying Train model on Coreset
starting to get the uniform sample of size ---.... 327
Going for sampling...
num Points Uniformly Sampled after weighing -- for r =  1.0  and num points =  4905
got the unformly sampled points...
Running on Uniform samples...
<function expgrad.<locals>.<lambda> at 0x7f43152ff378>
epsilon value:  0.1 : number of oracle calls 15
Evaluating Uniform model on Uni Sketch...
Applying Uni model on Train Data
Applying Uni model on Test Data
Applying train model on Uniform Sketch




RunId =  2  For Epsilon =  0.1
Dataset: adult; loss: square; Solver: OLS
Train set trade-off:
   specified epsilon  SP disparity     RMSE
0                0.1           0.1  0.35023
------------------------------------------------
Coreset set trade-off:
   specified epsilon  SP disparity      RMSE
0                0.1           0.1  0.317612
------------------------------------------------
Uniform Sketch set trade-off:
   specified epsilon  SP disparity      RMSE
0                0.1           0.1  0.330979
------------------------------------------------
Coreset Model on Train set trade-off:
   specified epsilon  SP disparity      RMSE
0                0.1      0.075566  0.387832
------------------------------------------------
Uniform Model on Train set trade-off:
   specified epsilon  SP disparity      RMSE
0                0.1      0.084712  0.366928
------------------------------------------------
Train on Test set trade-off:
   specified epsilon  SP disparity      RMSE
0                0.1      0.090273  0.354689
------------------------------------------------
Cor on Test set trade-off:
   specified epsilon  SP disparity      RMSE
0                0.1      0.058584  0.393375
------------------------------------------------
Uni on Test set trade-off:
   specified epsilon  SP disparity      RMSE
0                0.1      0.070913  0.367233
------------------------------------------------
Train Model on Coreset set trade-off:
   specified epsilon  SP disparity      RMSE
0                0.1      0.069614  0.362584
------------------------------------------------
Train on Uniform data set trade-off:
   specified epsilon  SP disparity     RMSE
0                0.1      0.141456  0.35331
------------------------------------------------
RunId =  3  For Epsilon =  0.1 


starting to get the coreset....
Going for sampling...
num Points Sampled -- for r =  1.0  and uniq num points =  328
num Points Sampled -- for r =  1.0  and num points =  4845
got the coreset
Running on the coreset....
<function expgrad.<locals>.<lambda> at 0x7f432ab157b8>
epsilon value:  0.1 : number of oracle calls 12
Evaluating Coreset model on Coreset Sketch...
Applying Coreset model on Train Data
Applying Coreset model on Test Data
Applying Train model on Coreset
starting to get the uniform sample of size ---.... 328
Going for sampling...
num Points Uniformly Sampled after weighing -- for r =  1.0  and num points =  4920
got the unformly sampled points...
Running on Uniform samples...
<function expgrad.<locals>.<lambda> at 0x7f43152de0d0>
epsilon value:  0.1 : number of oracle calls 21
Evaluating Uniform model on Uni Sketch...
Applying Uni model on Train Data
Applying Uni model on Test Data
Applying train model on Uniform Sketch




RunId =  3  For Epsilon =  0.1
Dataset: adult; loss: square; Solver: OLS
Train set trade-off:
   specified epsilon  SP disparity     RMSE
0                0.1           0.1  0.35023
------------------------------------------------
Coreset set trade-off:
   specified epsilon  SP disparity     RMSE
0                0.1      0.091391  0.25545
------------------------------------------------
Uniform Sketch set trade-off:
   specified epsilon  SP disparity      RMSE
0                0.1           0.1  0.338307
------------------------------------------------
Coreset Model on Train set trade-off:
   specified epsilon  SP disparity      RMSE
0                0.1      0.095412  0.377088
------------------------------------------------
Uniform Model on Train set trade-off:
   specified epsilon  SP disparity      RMSE
0                0.1      0.114756  0.378268
------------------------------------------------
Train on Test set trade-off:
   specified epsilon  SP disparity      RMSE
0                0.1      0.090273  0.354689
------------------------------------------------
Cor on Test set trade-off:
   specified epsilon  SP disparity      RMSE
0                0.1      0.083615  0.375625
------------------------------------------------
Uni on Test set trade-off:
   specified epsilon  SP disparity      RMSE
0                0.1      0.101296  0.378318
------------------------------------------------
Train Model on Coreset set trade-off:
   specified epsilon  SP disparity      RMSE
0                0.1      0.135214  0.316486
------------------------------------------------
Train on Uniform data set trade-off:
   specified epsilon  SP disparity      RMSE
0                0.1      0.104513  0.362995
------------------------------------------------
done with epsilon 0.1
