Starting experiment. Dataset: adult; loss: square; eps list: [0.15]; Solver: OLS
Running on full original data....
<function expgrad.<locals>.<lambda> at 0x7f891d9b8ae8>
epsilon value:  0.15 : number of oracle calls 9
Done for full original data.... for eps =  0.15 


computing svd now...
Got the svd...
RunId =  1  For Epsilon =  0.15 


starting to get the coreset....
Going for sampling...
num Points Sampled -- for r =  2.0  and uniq num points =  662
num Points Sampled -- for r =  2.0  and num points =  14877
got the coreset
Running on the coreset....
<function expgrad.<locals>.<lambda> at 0x7f891d87b8c8>
epsilon value:  0.15 : number of oracle calls 15
Evaluating Coreset model on Coreset Sketch...
Applying Coreset model on Train Data
Applying Coreset model on Test Data
Applying Train model on Coreset
starting to get the uniform sample of size ---.... 662
Going for sampling...
num Points Uniformly Sampled after weighing -- for r =  2.0  and num points =  14564
got the unformly sampled points...
Running on Uniform samples...
<function expgrad.<locals>.<lambda> at 0x7f88e3879268>
epsilon value:  0.15 : number of oracle calls 15
Evaluating Uniform model on Uni Sketch...
Applying Uni model on Train Data
Applying Uni model on Test Data
Applying train model on Uniform Sketch




RunId =  1  For Epsilon =  0.15
Dataset: adult; loss: square; Solver: OLS
Train set trade-off:
   specified epsilon  SP disparity      RMSE
0               0.15          0.15  0.348006
------------------------------------------------
Coreset set trade-off:
   specified epsilon  SP disparity      RMSE
0               0.15          0.15  0.330146
------------------------------------------------
Uniform Sketch set trade-off:
   specified epsilon  SP disparity      RMSE
0               0.15          0.15  0.325092
------------------------------------------------
Coreset Model on Train set trade-off:
   specified epsilon  SP disparity      RMSE
0               0.15      0.180778  0.358447
------------------------------------------------
Uniform Model on Train set trade-off:
   specified epsilon  SP disparity      RMSE
0               0.15      0.174943  0.358635
------------------------------------------------
Train on Test set trade-off:
   specified epsilon  SP disparity      RMSE
0               0.15      0.145169  0.346871
------------------------------------------------
Cor on Test set trade-off:
   specified epsilon  SP disparity      RMSE
0               0.15      0.181819  0.357063
------------------------------------------------
Uni on Test set trade-off:
   specified epsilon  SP disparity      RMSE
0               0.15      0.169493  0.358831
------------------------------------------------
Train Model on Coreset set trade-off:
   specified epsilon  SP disparity      RMSE
0               0.15      0.127616  0.351291
------------------------------------------------
Train on Uniform data set trade-off:
   specified epsilon  SP disparity     RMSE
0               0.15      0.139949  0.34327
------------------------------------------------
RunId =  2  For Epsilon =  0.15 


starting to get the coreset....
Going for sampling...
num Points Sampled -- for r =  2.0  and uniq num points =  674
num Points Sampled -- for r =  2.0  and num points =  15248
got the coreset
Running on the coreset....
<function expgrad.<locals>.<lambda> at 0x7f891d88f730>
epsilon value:  0.15 : number of oracle calls 9
Evaluating Coreset model on Coreset Sketch...
Applying Coreset model on Train Data
Applying Coreset model on Test Data
Applying Train model on Coreset
starting to get the uniform sample of size ---.... 674
Going for sampling...
num Points Uniformly Sampled after weighing -- for r =  2.0  and num points =  14828
got the unformly sampled points...
Running on Uniform samples...
<function expgrad.<locals>.<lambda> at 0x7f891d88f6a8>
epsilon value:  0.15 : number of oracle calls 9
Evaluating Uniform model on Uni Sketch...
Applying Uni model on Train Data
Applying Uni model on Test Data
Applying train model on Uniform Sketch




RunId =  2  For Epsilon =  0.15
Dataset: adult; loss: square; Solver: OLS
Train set trade-off:
   specified epsilon  SP disparity      RMSE
0               0.15          0.15  0.348006
------------------------------------------------
Coreset set trade-off:
   specified epsilon  SP disparity      RMSE
0               0.15          0.15  0.311045
------------------------------------------------
Uniform Sketch set trade-off:
   specified epsilon  SP disparity     RMSE
0               0.15          0.15  0.33014
------------------------------------------------
Coreset Model on Train set trade-off:
   specified epsilon  SP disparity      RMSE
0               0.15      0.127503  0.369353
------------------------------------------------
Uniform Model on Train set trade-off:
   specified epsilon  SP disparity      RMSE
0               0.15      0.127818  0.360914
------------------------------------------------
Train on Test set trade-off:
   specified epsilon  SP disparity      RMSE
0               0.15      0.145169  0.346871
------------------------------------------------
Cor on Test set trade-off:
   specified epsilon  SP disparity      RMSE
0               0.15      0.121702  0.369165
------------------------------------------------
Uni on Test set trade-off:
   specified epsilon  SP disparity      RMSE
0               0.15      0.121369  0.359608
------------------------------------------------
Train Model on Coreset set trade-off:
   specified epsilon  SP disparity     RMSE
0               0.15       0.18053  0.34302
------------------------------------------------
Train on Uniform data set trade-off:
   specified epsilon  SP disparity      RMSE
0               0.15      0.186234  0.347146
------------------------------------------------
RunId =  3  For Epsilon =  0.15 


starting to get the coreset....
Going for sampling...
num Points Sampled -- for r =  2.0  and uniq num points =  669
num Points Sampled -- for r =  2.0  and num points =  14990
got the coreset
Running on the coreset....
<function expgrad.<locals>.<lambda> at 0x7f891d882a60>
epsilon value:  0.15 : number of oracle calls 12
Evaluating Coreset model on Coreset Sketch...
Applying Coreset model on Train Data
Applying Coreset model on Test Data
Applying Train model on Coreset
starting to get the uniform sample of size ---.... 669
Going for sampling...
num Points Uniformly Sampled after weighing -- for r =  2.0  and num points =  14718
got the unformly sampled points...
Running on Uniform samples...
<function expgrad.<locals>.<lambda> at 0x7f891d882158>
epsilon value:  0.15 : number of oracle calls 18
Evaluating Uniform model on Uni Sketch...
Applying Uni model on Train Data
Applying Uni model on Test Data
Applying train model on Uniform Sketch




RunId =  3  For Epsilon =  0.15
Dataset: adult; loss: square; Solver: OLS
Train set trade-off:
   specified epsilon  SP disparity      RMSE
0               0.15          0.15  0.348006
------------------------------------------------
Coreset set trade-off:
   specified epsilon  SP disparity      RMSE
0               0.15          0.15  0.318132
------------------------------------------------
Uniform Sketch set trade-off:
   specified epsilon  SP disparity      RMSE
0               0.15          0.15  0.319199
------------------------------------------------
Coreset Model on Train set trade-off:
   specified epsilon  SP disparity      RMSE
0               0.15      0.168519  0.367229
------------------------------------------------
Uniform Model on Train set trade-off:
   specified epsilon  SP disparity      RMSE
0               0.15      0.215815  0.360535
------------------------------------------------
Train on Test set trade-off:
   specified epsilon  SP disparity      RMSE
0               0.15      0.145169  0.346871
------------------------------------------------
Cor on Test set trade-off:
   specified epsilon  SP disparity      RMSE
0               0.15      0.157419  0.365334
------------------------------------------------
Uni on Test set trade-off:
   specified epsilon  SP disparity      RMSE
0               0.15      0.209561  0.359192
------------------------------------------------
Train Model on Coreset set trade-off:
   specified epsilon  SP disparity      RMSE
0               0.15       0.17752  0.340935
------------------------------------------------
Train on Uniform data set trade-off:
   specified epsilon  SP disparity      RMSE
0               0.15       0.08591  0.344464
------------------------------------------------
done with epsilon 0.15
