Starting experiment. Dataset: law_school; loss: square; eps list: [0.2]; Solver: OLS
Running on full original data....
<function expgrad.<locals>.<lambda> at 0x7f04a6f817b8>
epsilon value:  0.2 : number of oracle calls 15
Done for full original data.... for eps =  0.2 


computing svd now...
Got the svd...
RunId =  1  For Epsilon =  0.2 


starting to get the coreset....
Going for sampling...
num Points Sampled -- for r =  2.0  and uniq num points =  89
num Points Sampled -- for r =  2.0  and num points =  9925
got the coreset
Running on the coreset....
<function expgrad.<locals>.<lambda> at 0x7f049fc97950>
epsilon value:  0.2 : number of oracle calls 18
Evaluating Coreset model on Coreset Sketch...
Applying Coreset model on Train Data
Applying Coreset model on Test Data
Applying Train model on Coreset
starting to get the uniform sample of size ---.... 89
Going for sampling...
num Points Uniformly Sampled after weighing -- for r =  2.0  and num points =  10324
got the unformly sampled points...
Running on Uniform samples...
<function expgrad.<locals>.<lambda> at 0x7f0494a25488>
epsilon value:  0.2 : number of oracle calls 12
Evaluating Uniform model on Uni Sketch...
Applying Uni model on Train Data
Applying Uni model on Test Data
Applying train model on Uniform Sketch




RunId =  1  For Epsilon =  0.2
Dataset: law_school; loss: square; Solver: OLS
Train set trade-off:
   specified epsilon  SP disparity      RMSE
0                0.2           0.2  0.104636
------------------------------------------------
Coreset set trade-off:
   specified epsilon  SP disparity     RMSE
0                0.2           0.2  0.09919
------------------------------------------------
Uniform Sketch set trade-off:
   specified epsilon  SP disparity      RMSE
0                0.2           0.2  0.108913
------------------------------------------------
Coreset Model on Train set trade-off:
   specified epsilon  SP disparity      RMSE
0                0.2        0.1716  0.107057
------------------------------------------------
Uniform Model on Train set trade-off:
   specified epsilon  SP disparity      RMSE
0                0.2      0.186361  0.112909
------------------------------------------------
Train on Test set trade-off:
   specified epsilon  SP disparity     RMSE
0                0.2      0.218129  0.10435
------------------------------------------------
Cor on Test set trade-off:
   specified epsilon  SP disparity      RMSE
0                0.2      0.176701  0.107571
------------------------------------------------
Uni on Test set trade-off:
   specified epsilon  SP disparity      RMSE
0                0.2       0.19806  0.113383
------------------------------------------------
Train Model on Coreset set trade-off:
   specified epsilon  SP disparity      RMSE
0                0.2      0.224652  0.103067
------------------------------------------------
Train on Uniform data set trade-off:
   specified epsilon  SP disparity      RMSE
0                0.2      0.287618  0.110148
------------------------------------------------
RunId =  2  For Epsilon =  0.2 


starting to get the coreset....
Going for sampling...
num Points Sampled -- for r =  2.0  and uniq num points =  79
num Points Sampled -- for r =  2.0  and num points =  8200
got the coreset
Running on the coreset....
<function expgrad.<locals>.<lambda> at 0x7f0494a25bf8>
epsilon value:  0.2 : number of oracle calls 18
Evaluating Coreset model on Coreset Sketch...
Applying Coreset model on Train Data
Applying Coreset model on Test Data
Applying Train model on Coreset
starting to get the uniform sample of size ---.... 79
Going for sampling...
num Points Uniformly Sampled after weighing -- for r =  2.0  and num points =  10349
got the unformly sampled points...
Running on Uniform samples...
<function expgrad.<locals>.<lambda> at 0x7f0494cb4488>
epsilon value:  0.2 : number of oracle calls 15
Evaluating Uniform model on Uni Sketch...
Applying Uni model on Train Data
Applying Uni model on Test Data
Applying train model on Uniform Sketch




RunId =  2  For Epsilon =  0.2
Dataset: law_school; loss: square; Solver: OLS
Train set trade-off:
   specified epsilon  SP disparity      RMSE
0                0.2           0.2  0.104636
------------------------------------------------
Coreset set trade-off:
   specified epsilon  SP disparity      RMSE
0                0.2           0.2  0.090529
------------------------------------------------
Uniform Sketch set trade-off:
   specified epsilon  SP disparity      RMSE
0                0.2      0.176549  0.100148
------------------------------------------------
Coreset Model on Train set trade-off:
   specified epsilon  SP disparity      RMSE
0                0.2      0.167716  0.110798
------------------------------------------------
Uniform Model on Train set trade-off:
   specified epsilon  SP disparity      RMSE
0                0.2      0.055868  0.110464
------------------------------------------------
Train on Test set trade-off:
   specified epsilon  SP disparity     RMSE
0                0.2      0.218129  0.10435
------------------------------------------------
Cor on Test set trade-off:
   specified epsilon  SP disparity      RMSE
0                0.2       0.18794  0.111489
------------------------------------------------
Uni on Test set trade-off:
   specified epsilon  SP disparity      RMSE
0                0.2      0.044355  0.110397
------------------------------------------------
Train Model on Coreset set trade-off:
   specified epsilon  SP disparity      RMSE
0                0.2      0.252585  0.098681
------------------------------------------------
Train on Uniform data set trade-off:
   specified epsilon  SP disparity      RMSE
0                0.2      0.376414  0.102571
------------------------------------------------
RunId =  3  For Epsilon =  0.2 


starting to get the coreset....
Going for sampling...
num Points Sampled -- for r =  2.0  and uniq num points =  91
num Points Sampled -- for r =  2.0  and num points =  9816
got the coreset
Running on the coreset....
<function expgrad.<locals>.<lambda> at 0x7f0494a25598>
epsilon value:  0.2 : number of oracle calls 15
Evaluating Coreset model on Coreset Sketch...
Applying Coreset model on Train Data
Applying Coreset model on Test Data
Applying Train model on Coreset
starting to get the uniform sample of size ---.... 91
Going for sampling...
num Points Uniformly Sampled after weighing -- for r =  2.0  and num points =  10374
got the unformly sampled points...
Running on Uniform samples...
<function expgrad.<locals>.<lambda> at 0x7f0494a25ea0>
epsilon value:  0.2 : number of oracle calls 12
Evaluating Uniform model on Uni Sketch...
Applying Uni model on Train Data
Applying Uni model on Test Data
Applying train model on Uniform Sketch




RunId =  3  For Epsilon =  0.2
Dataset: law_school; loss: square; Solver: OLS
Train set trade-off:
   specified epsilon  SP disparity      RMSE
0                0.2           0.2  0.104636
------------------------------------------------
Coreset set trade-off:
   specified epsilon  SP disparity      RMSE
0                0.2           0.2  0.097613
------------------------------------------------
Uniform Sketch set trade-off:
   specified epsilon  SP disparity      RMSE
0                0.2      0.159341  0.092832
------------------------------------------------
Coreset Model on Train set trade-off:
   specified epsilon  SP disparity      RMSE
0                0.2      0.030078  0.112697
------------------------------------------------
Uniform Model on Train set trade-off:
   specified epsilon  SP disparity      RMSE
0                0.2      0.078154  0.120152
------------------------------------------------
Train on Test set trade-off:
   specified epsilon  SP disparity     RMSE
0                0.2      0.218129  0.10435
------------------------------------------------
Cor on Test set trade-off:
   specified epsilon  SP disparity     RMSE
0                0.2      0.041071  0.11248
------------------------------------------------
Uni on Test set trade-off:
   specified epsilon  SP disparity      RMSE
0                0.2      0.068777  0.120364
------------------------------------------------
Train Model on Coreset set trade-off:
   specified epsilon  SP disparity      RMSE
0                0.2      0.365181  0.102489
------------------------------------------------
Train on Uniform data set trade-off:
   specified epsilon  SP disparity      RMSE
0                0.2      0.259844  0.101042
------------------------------------------------
done with epsilon 0.2
