Starting experiment. Dataset: law_school; loss: square; eps list: [0.1]; Solver: OLS
Running on full original data....
<function expgrad.<locals>.<lambda> at 0x7f412fa90b70>
epsilon value:  0.1 : number of oracle calls 15
Done for full original data.... for eps =  0.1 


computing svd now...
Got the svd...
RunId =  1  For Epsilon =  0.1 


starting to get the coreset....
Going for sampling...
num Points Sampled -- for r =  2.0  and uniq num points =  58
num Points Sampled -- for r =  2.0  and num points =  6665
got the coreset
Running on the coreset....
<function expgrad.<locals>.<lambda> at 0x7f41287a6ea0>
epsilon value:  0.1 : number of oracle calls 15
Evaluating Coreset model on Coreset Sketch...
Applying Coreset model on Train Data
Applying Coreset model on Test Data
Applying Train model on Coreset
starting to get the uniform sample of size ---.... 58
Going for sampling...
num Points Uniformly Sampled after weighing -- for r =  2.0  and num points =  10382
got the unformly sampled points...
Running on Uniform samples...
<function expgrad.<locals>.<lambda> at 0x7f4128c242f0>
epsilon value:  0.1 : number of oracle calls 15
Evaluating Uniform model on Uni Sketch...
Applying Uni model on Train Data
Applying Uni model on Test Data
Applying train model on Uniform Sketch




RunId =  1  For Epsilon =  0.1
Dataset: law_school; loss: square; Solver: OLS
Train set trade-off:
   specified epsilon  SP disparity     RMSE
0                0.1           0.1  0.10751
------------------------------------------------
Coreset set trade-off:
   specified epsilon  SP disparity      RMSE
0                0.1           0.1  0.098127
------------------------------------------------
Uniform Sketch set trade-off:
   specified epsilon  SP disparity      RMSE
0                0.1           0.1  0.080687
------------------------------------------------
Coreset Model on Train set trade-off:
   specified epsilon  SP disparity      RMSE
0                0.1      0.069113  0.111592
------------------------------------------------
Uniform Model on Train set trade-off:
   specified epsilon  SP disparity      RMSE
0                0.1       0.11635  0.118518
------------------------------------------------
Train on Test set trade-off:
   specified epsilon  SP disparity      RMSE
0                0.1      0.085905  0.104443
------------------------------------------------
Cor on Test set trade-off:
   specified epsilon  SP disparity      RMSE
0                0.1      0.071646  0.108843
------------------------------------------------
Uni on Test set trade-off:
   specified epsilon  SP disparity     RMSE
0                0.1      0.115284  0.11589
------------------------------------------------
Train Model on Coreset set trade-off:
   specified epsilon  SP disparity      RMSE
0                0.1      0.162981  0.100853
------------------------------------------------
Train on Uniform data set trade-off:
   specified epsilon  SP disparity      RMSE
0                0.1      0.147206  0.090907
------------------------------------------------
RunId =  2  For Epsilon =  0.1 


starting to get the coreset....
Going for sampling...
num Points Sampled -- for r =  2.0  and uniq num points =  112
num Points Sampled -- for r =  2.0  and num points =  11811
got the coreset
Running on the coreset....
<function expgrad.<locals>.<lambda> at 0x7f4128c24158>
epsilon value:  0.1 : number of oracle calls 12
Evaluating Coreset model on Coreset Sketch...
Applying Coreset model on Train Data
Applying Coreset model on Test Data
Applying Train model on Coreset
starting to get the uniform sample of size ---.... 112
Going for sampling...
num Points Uniformly Sampled after weighing -- for r =  2.0  and num points =  10304
got the unformly sampled points...
Running on Uniform samples...
<function expgrad.<locals>.<lambda> at 0x7f411eec7bf8>
epsilon value:  0.1 : number of oracle calls 31
Evaluating Uniform model on Uni Sketch...
Applying Uni model on Train Data
Applying Uni model on Test Data
Applying train model on Uniform Sketch




RunId =  2  For Epsilon =  0.1
Dataset: law_school; loss: square; Solver: OLS
Train set trade-off:
   specified epsilon  SP disparity     RMSE
0                0.1           0.1  0.10751
------------------------------------------------
Coreset set trade-off:
   specified epsilon  SP disparity      RMSE
0                0.1           0.1  0.094869
------------------------------------------------
Uniform Sketch set trade-off:
   specified epsilon  SP disparity      RMSE
0                0.1           0.1  0.095002
------------------------------------------------
Coreset Model on Train set trade-off:
   specified epsilon  SP disparity      RMSE
0                0.1      0.079687  0.115752
------------------------------------------------
Uniform Model on Train set trade-off:
   specified epsilon  SP disparity      RMSE
0                0.1       0.10076  0.114028
------------------------------------------------
Train on Test set trade-off:
   specified epsilon  SP disparity      RMSE
0                0.1      0.085905  0.104443
------------------------------------------------
Cor on Test set trade-off:
   specified epsilon  SP disparity      RMSE
0                0.1      0.078826  0.112891
------------------------------------------------
Uni on Test set trade-off:
   specified epsilon  SP disparity      RMSE
0                0.1      0.106761  0.111761
------------------------------------------------
Train Model on Coreset set trade-off:
   specified epsilon  SP disparity      RMSE
0                0.1      0.072192  0.099233
------------------------------------------------
Train on Uniform data set trade-off:
   specified epsilon  SP disparity      RMSE
0                0.1      0.295056  0.094315
------------------------------------------------
RunId =  3  For Epsilon =  0.1 


starting to get the coreset....
Going for sampling...
num Points Sampled -- for r =  2.0  and uniq num points =  94
num Points Sampled -- for r =  2.0  and num points =  11246
got the coreset
Running on the coreset....
<function expgrad.<locals>.<lambda> at 0x7f411eec7d90>
epsilon value:  0.1 : number of oracle calls 18
Evaluating Coreset model on Coreset Sketch...
Applying Coreset model on Train Data
Applying Coreset model on Test Data
Applying Train model on Coreset
starting to get the uniform sample of size ---.... 94
Going for sampling...
num Points Uniformly Sampled after weighing -- for r =  2.0  and num points =  10340
got the unformly sampled points...
Running on Uniform samples...
<function expgrad.<locals>.<lambda> at 0x7f41287a99d8>
epsilon value:  0.1 : number of oracle calls 16
Evaluating Uniform model on Uni Sketch...
Applying Uni model on Train Data
Applying Uni model on Test Data
Applying train model on Uniform Sketch




RunId =  3  For Epsilon =  0.1
Dataset: law_school; loss: square; Solver: OLS
Train set trade-off:
   specified epsilon  SP disparity     RMSE
0                0.1           0.1  0.10751
------------------------------------------------
Coreset set trade-off:
   specified epsilon  SP disparity      RMSE
0                0.1      0.093456  0.112635
------------------------------------------------
Uniform Sketch set trade-off:
   specified epsilon  SP disparity      RMSE
0                0.1      0.074468  0.095215
------------------------------------------------
Coreset Model on Train set trade-off:
   specified epsilon  SP disparity      RMSE
0                0.1      0.121533  0.114815
------------------------------------------------
Uniform Model on Train set trade-off:
   specified epsilon  SP disparity      RMSE
0                0.1      0.050403  0.111419
------------------------------------------------
Train on Test set trade-off:
   specified epsilon  SP disparity      RMSE
0                0.1      0.085905  0.104443
------------------------------------------------
Cor on Test set trade-off:
   specified epsilon  SP disparity      RMSE
0                0.1      0.100207  0.111275
------------------------------------------------
Uni on Test set trade-off:
   specified epsilon  SP disparity      RMSE
0                0.1      0.052504  0.107797
------------------------------------------------
Train Model on Coreset set trade-off:
   specified epsilon  SP disparity      RMSE
0                0.1      0.094175  0.118607
------------------------------------------------
Train on Uniform data set trade-off:
   specified epsilon  SP disparity      RMSE
0                0.1      0.083422  0.102358
------------------------------------------------
done with epsilon 0.1
