Starting experiment. Dataset: law_school; loss: square; eps list: [0.01]; Solver: OLS
Running on full original data....
<function expgrad.<locals>.<lambda> at 0x7fe685e03f28>
epsilon value:  0.01 : number of oracle calls 15
Done for full original data.... for eps =  0.01 


computing svd now...
Got the svd...
RunId =  1  For Epsilon =  0.01 


starting to get the coreset....
Going for sampling...
num Points Sampled -- for r =  2.0  and uniq num points =  66
num Points Sampled -- for r =  2.0  and num points =  7090
got the coreset
Running on the coreset....
<function expgrad.<locals>.<lambda> at 0x7fe67eb20ae8>
epsilon value:  0.01 : number of oracle calls 32
Evaluating Coreset model on Coreset Sketch...
Applying Coreset model on Train Data
Applying Coreset model on Test Data
Applying Train model on Coreset
starting to get the uniform sample of size ---.... 66
Going for sampling...
num Points Uniformly Sampled after weighing -- for r =  2.0  and num points =  10362
got the unformly sampled points...
Running on Uniform samples...
<function expgrad.<locals>.<lambda> at 0x7fe685d9aae8>
epsilon value:  0.01 : number of oracle calls 54
Evaluating Uniform model on Uni Sketch...
Applying Uni model on Train Data
Applying Uni model on Test Data
Applying train model on Uniform Sketch




RunId =  1  For Epsilon =  0.01
Dataset: law_school; loss: square; Solver: OLS
Train set trade-off:
   specified epsilon  SP disparity      RMSE
0               0.01          0.01  0.112574
------------------------------------------------
Coreset set trade-off:
   specified epsilon  SP disparity      RMSE
0               0.01          0.01  0.107077
------------------------------------------------
Uniform Sketch set trade-off:
   specified epsilon  SP disparity      RMSE
0               0.01          0.01  0.104018
------------------------------------------------
Coreset Model on Train set trade-off:
   specified epsilon  SP disparity      RMSE
0               0.01      0.085395  0.121884
------------------------------------------------
Uniform Model on Train set trade-off:
   specified epsilon  SP disparity      RMSE
0               0.01      0.136022  0.116242
------------------------------------------------
Train on Test set trade-off:
   specified epsilon  SP disparity      RMSE
0               0.01      0.021124  0.114145
------------------------------------------------
Cor on Test set trade-off:
   specified epsilon  SP disparity      RMSE
0               0.01      0.097077  0.122986
------------------------------------------------
Uni on Test set trade-off:
   specified epsilon  SP disparity      RMSE
0               0.01      0.152807  0.118532
------------------------------------------------
Train Model on Coreset set trade-off:
   specified epsilon  SP disparity      RMSE
0               0.01        0.0961  0.103361
------------------------------------------------
Train on Uniform data set trade-off:
   specified epsilon  SP disparity      RMSE
0               0.01      0.243312  0.119297
------------------------------------------------
RunId =  2  For Epsilon =  0.01 


starting to get the coreset....
Going for sampling...
num Points Sampled -- for r =  2.0  and uniq num points =  101
num Points Sampled -- for r =  2.0  and num points =  11876
got the coreset
Running on the coreset....
<function expgrad.<locals>.<lambda> at 0x7fe67eb15a60>
epsilon value:  0.01 : number of oracle calls 38
Evaluating Coreset model on Coreset Sketch...
Applying Coreset model on Train Data
Applying Coreset model on Test Data
Applying Train model on Coreset
starting to get the uniform sample of size ---.... 101
Going for sampling...
num Points Uniformly Sampled after weighing -- for r =  2.0  and num points =  10302
got the unformly sampled points...
Running on Uniform samples...
<function expgrad.<locals>.<lambda> at 0x7fe6752259d8>
epsilon value:  0.01 : number of oracle calls 36
Evaluating Uniform model on Uni Sketch...
Applying Uni model on Train Data
Applying Uni model on Test Data
Applying train model on Uniform Sketch




RunId =  2  For Epsilon =  0.01
Dataset: law_school; loss: square; Solver: OLS
Train set trade-off:
   specified epsilon  SP disparity      RMSE
0               0.01          0.01  0.112574
------------------------------------------------
Coreset set trade-off:
   specified epsilon  SP disparity      RMSE
0               0.01          0.01  0.108354
------------------------------------------------
Uniform Sketch set trade-off:
   specified epsilon  SP disparity      RMSE
0               0.01          0.01  0.105794
------------------------------------------------
Coreset Model on Train set trade-off:
   specified epsilon  SP disparity      RMSE
0               0.01      0.095356  0.120725
------------------------------------------------
Uniform Model on Train set trade-off:
   specified epsilon  SP disparity      RMSE
0               0.01      0.017787  0.116158
------------------------------------------------
Train on Test set trade-off:
   specified epsilon  SP disparity      RMSE
0               0.01      0.021124  0.114145
------------------------------------------------
Cor on Test set trade-off:
   specified epsilon  SP disparity      RMSE
0               0.01      0.088014  0.122955
------------------------------------------------
Uni on Test set trade-off:
   specified epsilon  SP disparity      RMSE
0               0.01      0.013456  0.117187
------------------------------------------------
Train Model on Coreset set trade-off:
   specified epsilon  SP disparity      RMSE
0               0.01      0.098516  0.111841
------------------------------------------------
Train on Uniform data set trade-off:
   specified epsilon  SP disparity      RMSE
0               0.01       0.07495  0.107049
------------------------------------------------
RunId =  3  For Epsilon =  0.01 


starting to get the coreset....
Going for sampling...
num Points Sampled -- for r =  2.0  and uniq num points =  90
num Points Sampled -- for r =  2.0  and num points =  10754
got the coreset
Running on the coreset....
<function expgrad.<locals>.<lambda> at 0x7fe67eb20bf8>
epsilon value:  0.01 : number of oracle calls 30
Evaluating Coreset model on Coreset Sketch...
Applying Coreset model on Train Data
Applying Coreset model on Test Data
Applying Train model on Coreset
starting to get the uniform sample of size ---.... 90
Going for sampling...
num Points Uniformly Sampled after weighing -- for r =  2.0  and num points =  10350
got the unformly sampled points...
Running on Uniform samples...
<function expgrad.<locals>.<lambda> at 0x7fe685e28c80>
epsilon value:  0.01 : number of oracle calls 50
Evaluating Uniform model on Uni Sketch...
Applying Uni model on Train Data
Applying Uni model on Test Data
Applying train model on Uniform Sketch




RunId =  3  For Epsilon =  0.01
Dataset: law_school; loss: square; Solver: OLS
Train set trade-off:
   specified epsilon  SP disparity      RMSE
0               0.01          0.01  0.112574
------------------------------------------------
Coreset set trade-off:
   specified epsilon  SP disparity      RMSE
0               0.01          0.01  0.111756
------------------------------------------------
Uniform Sketch set trade-off:
   specified epsilon  SP disparity      RMSE
0               0.01          0.01  0.104337
------------------------------------------------
Coreset Model on Train set trade-off:
   specified epsilon  SP disparity     RMSE
0               0.01      0.073849  0.12379
------------------------------------------------
Uniform Model on Train set trade-off:
   specified epsilon  SP disparity      RMSE
0               0.01      0.153858  0.125144
------------------------------------------------
Train on Test set trade-off:
   specified epsilon  SP disparity      RMSE
0               0.01      0.021124  0.114145
------------------------------------------------
Cor on Test set trade-off:
   specified epsilon  SP disparity      RMSE
0               0.01      0.078585  0.124466
------------------------------------------------
Uni on Test set trade-off:
   specified epsilon  SP disparity      RMSE
0               0.01      0.151246  0.127232
------------------------------------------------
Train Model on Coreset set trade-off:
   specified epsilon  SP disparity      RMSE
0               0.01      0.088565  0.108103
------------------------------------------------
Train on Uniform data set trade-off:
   specified epsilon  SP disparity      RMSE
0               0.01      0.271948  0.107896
------------------------------------------------
done with epsilon 0.01
