Starting experiment. Dataset: law_school; loss: square; eps list: [0.2]; Solver: OLS
Running on full original data....
<function expgrad.<locals>.<lambda> at 0x7f038f037400>
epsilon value:  0.2 : number of oracle calls 15
Done for full original data.... for eps =  0.2 


computing svd now...
Got the svd...
RunId =  1  For Epsilon =  0.2 


starting to get the coreset....
Going for sampling...
num Points Sampled -- for r =  0.5  and uniq num points =  24
num Points Sampled -- for r =  0.5  and num points =  9973
got the coreset
Running on the coreset....
<function expgrad.<locals>.<lambda> at 0x7f038f037e18>
epsilon value:  0.2 : number of oracle calls 6
Evaluating Coreset model on Coreset Sketch...
Applying Coreset model on Train Data
Applying Coreset model on Test Data
Applying Train model on Coreset
starting to get the uniform sample of size ---.... 24
Going for sampling...
num Points Uniformly Sampled after weighing -- for r =  0.5  and num points =  10392
got the unformly sampled points...
Running on Uniform samples...
<function expgrad.<locals>.<lambda> at 0x7f038f077950>
epsilon value:  0.2 : number of oracle calls 29
Evaluating Uniform model on Uni Sketch...
Applying Uni model on Train Data
Applying Uni model on Test Data
Applying train model on Uniform Sketch




RunId =  1  For Epsilon =  0.2
Dataset: law_school; loss: square; Solver: OLS
Train set trade-off:
   specified epsilon  SP disparity      RMSE
0                0.2           0.2  0.105078
------------------------------------------------
Coreset set trade-off:
   specified epsilon  SP disparity      RMSE
0                0.2      0.165795  0.074972
------------------------------------------------
Uniform Sketch set trade-off:
   specified epsilon  SP disparity   RMSE
0                0.2           0.2  0.049
------------------------------------------------
Coreset Model on Train set trade-off:
   specified epsilon  SP disparity      RMSE
0                0.2      0.123775  0.141044
------------------------------------------------
Uniform Model on Train set trade-off:
   specified epsilon  SP disparity      RMSE
0                0.2       0.27092  0.136611
------------------------------------------------
Train on Test set trade-off:
   specified epsilon  SP disparity      RMSE
0                0.2      0.202019  0.104377
------------------------------------------------
Cor on Test set trade-off:
   specified epsilon  SP disparity      RMSE
0                0.2      0.146062  0.139575
------------------------------------------------
Uni on Test set trade-off:
   specified epsilon  SP disparity      RMSE
0                0.2      0.277787  0.136656
------------------------------------------------
Train Model on Coreset set trade-off:
   specified epsilon  SP disparity      RMSE
0                0.2       0.39679  0.106376
------------------------------------------------
Train on Uniform data set trade-off:
   specified epsilon  SP disparity      RMSE
0                0.2      0.178491  0.097552
------------------------------------------------
RunId =  2  For Epsilon =  0.2 


starting to get the coreset....
Going for sampling...
num Points Sampled -- for r =  0.5  and uniq num points =  16
num Points Sampled -- for r =  0.5  and num points =  9006
got the coreset
Running on the coreset....
<function expgrad.<locals>.<lambda> at 0x7f038f037730>
epsilon value:  0.2 : number of oracle calls 31
Evaluating Coreset model on Coreset Sketch...
Applying Coreset model on Train Data
Applying Coreset model on Test Data
Applying Train model on Coreset
starting to get the uniform sample of size ---.... 16
Going for sampling...
num Points Uniformly Sampled after weighing -- for r =  0.5  and num points =  10384
got the unformly sampled points...
Running on Uniform samples...
<function expgrad.<locals>.<lambda> at 0x7f03857658c8>
epsilon value:  0.2 : number of oracle calls 27
Evaluating Uniform model on Uni Sketch...
Applying Uni model on Train Data
Applying Uni model on Test Data
Applying train model on Uniform Sketch




RunId =  2  For Epsilon =  0.2
Dataset: law_school; loss: square; Solver: OLS
Train set trade-off:
   specified epsilon  SP disparity      RMSE
0                0.2           0.2  0.105078
------------------------------------------------
Coreset set trade-off:
   specified epsilon  SP disparity      RMSE
0                0.2           0.2  0.065121
------------------------------------------------
Uniform Sketch set trade-off:
   specified epsilon  SP disparity      RMSE
0                0.2           0.2  0.059992
------------------------------------------------
Coreset Model on Train set trade-off:
   specified epsilon  SP disparity      RMSE
0                0.2      0.203174  0.171622
------------------------------------------------
Uniform Model on Train set trade-off:
   specified epsilon  SP disparity      RMSE
0                0.2      0.236839  0.136124
------------------------------------------------
Train on Test set trade-off:
   specified epsilon  SP disparity      RMSE
0                0.2      0.202019  0.104377
------------------------------------------------
Cor on Test set trade-off:
   specified epsilon  SP disparity      RMSE
0                0.2      0.208207  0.171042
------------------------------------------------
Uni on Test set trade-off:
   specified epsilon  SP disparity      RMSE
0                0.2       0.22472  0.135881
------------------------------------------------
Train Model on Coreset set trade-off:
   specified epsilon  SP disparity      RMSE
0                0.2      0.379025  0.100381
------------------------------------------------
Train on Uniform data set trade-off:
   specified epsilon  SP disparity      RMSE
0                0.2      0.616047  0.068382
------------------------------------------------
RunId =  3  For Epsilon =  0.2 


starting to get the coreset....
Going for sampling...
num Points Sampled -- for r =  0.5  and uniq num points =  25
num Points Sampled -- for r =  0.5  and num points =  13935
got the coreset
Running on the coreset....
<function expgrad.<locals>.<lambda> at 0x7f038f037378>
epsilon value:  0.2 : number of oracle calls 22
Evaluating Coreset model on Coreset Sketch...
Applying Coreset model on Train Data
Applying Coreset model on Test Data
Applying Train model on Coreset
starting to get the uniform sample of size ---.... 25
Going for sampling...
num Points Uniformly Sampled after weighing -- for r =  0.5  and num points =  10375
got the unformly sampled points...
Running on Uniform samples...
<function expgrad.<locals>.<lambda> at 0x7f038f045ea0>
epsilon value:  0.2 : number of oracle calls 25
Evaluating Uniform model on Uni Sketch...
Applying Uni model on Train Data
Applying Uni model on Test Data
Applying train model on Uniform Sketch




RunId =  3  For Epsilon =  0.2
Dataset: law_school; loss: square; Solver: OLS
Train set trade-off:
   specified epsilon  SP disparity      RMSE
0                0.2           0.2  0.105078
------------------------------------------------
Coreset set trade-off:
   specified epsilon  SP disparity      RMSE
0                0.2           0.2  0.102096
------------------------------------------------
Uniform Sketch set trade-off:
   specified epsilon  SP disparity      RMSE
0                0.2           0.2  0.062896
------------------------------------------------
Coreset Model on Train set trade-off:
   specified epsilon  SP disparity      RMSE
0                0.2      0.133909  0.141019
------------------------------------------------
Uniform Model on Train set trade-off:
   specified epsilon  SP disparity      RMSE
0                0.2      0.565229  0.130935
------------------------------------------------
Train on Test set trade-off:
   specified epsilon  SP disparity      RMSE
0                0.2      0.202019  0.104377
------------------------------------------------
Cor on Test set trade-off:
   specified epsilon  SP disparity      RMSE
0                0.2      0.133948  0.140245
------------------------------------------------
Uni on Test set trade-off:
   specified epsilon  SP disparity      RMSE
0                0.2      0.561897  0.130354
------------------------------------------------
Train Model on Coreset set trade-off:
   specified epsilon  SP disparity      RMSE
0                0.2      0.386873  0.111192
------------------------------------------------
Train on Uniform data set trade-off:
   specified epsilon  SP disparity    RMSE
0                0.2       0.23427  0.0875
------------------------------------------------
done with epsilon 0.2
