Starting experiment. Dataset: communities; loss: square; eps list: [0.05]; Solver: OLS
Running on full original data....
<function expgrad.<locals>.<lambda> at 0x7ff4a93f08c8>
epsilon value:  0.05 : number of oracle calls 21
Done for full original data.... for eps =  0.05 


computing svd now...
Got the svd...
RunId =  1  For Epsilon =  0.05 


starting to get the coreset....
Going for sampling...
num Points Sampled -- for r =  0.8  and uniq num points =  294
num Points Sampled -- for r =  0.8  and num points =  1647
got the coreset
Running on the coreset....
<function expgrad.<locals>.<lambda> at 0x7ff4a93a9048>
epsilon value:  0.05 : number of oracle calls 15
Evaluating Coreset model on Coreset Sketch...
Applying Coreset model on Train Data
Applying Coreset model on Test Data
Applying Train model on Coreset
starting to get the uniform sample of size ---.... 294
Going for sampling...
num Points Uniformly Sampled after weighing -- for r =  0.8  and num points =  1764
got the unformly sampled points...
Running on Uniform samples...
<function expgrad.<locals>.<lambda> at 0x7ff4a938bb70>
epsilon value:  0.05 : number of oracle calls 54
Evaluating Uniform model on Uni Sketch...
Applying Uni model on Train Data
Applying Uni model on Test Data
Applying train model on Uniform Sketch




RunId =  1  For Epsilon =  0.05
Dataset: communities; loss: square; Solver: OLS
Train set trade-off:
   specified epsilon  SP disparity      RMSE
0               0.05          0.05  0.179318
------------------------------------------------
Coreset set trade-off:
   specified epsilon  SP disparity      RMSE
0               0.05          0.05  0.148449
------------------------------------------------
Uniform Sketch set trade-off:
   specified epsilon  SP disparity      RMSE
0               0.05          0.05  0.159847
------------------------------------------------
Coreset Model on Train set trade-off:
   specified epsilon  SP disparity      RMSE
0               0.05      0.063356  0.199878
------------------------------------------------
Uniform Model on Train set trade-off:
   specified epsilon  SP disparity      RMSE
0               0.05      0.072485  0.223307
------------------------------------------------
Train on Test set trade-off:
   specified epsilon  SP disparity      RMSE
0               0.05      0.070421  0.170268
------------------------------------------------
Cor on Test set trade-off:
   specified epsilon  SP disparity      RMSE
0               0.05      0.166574  0.196883
------------------------------------------------
Uni on Test set trade-off:
   specified epsilon  SP disparity      RMSE
0               0.05      0.132897  0.221974
------------------------------------------------
Train Model on Coreset set trade-off:
   specified epsilon  SP disparity      RMSE
0               0.05       0.08736  0.159459
------------------------------------------------
Train on Uniform data set trade-off:
   specified epsilon  SP disparity      RMSE
0               0.05       0.12324  0.164539
------------------------------------------------
RunId =  2  For Epsilon =  0.05 


starting to get the coreset....
Going for sampling...
num Points Sampled -- for r =  0.8  and uniq num points =  315
num Points Sampled -- for r =  0.8  and num points =  1815
got the coreset
Running on the coreset....
<function expgrad.<locals>.<lambda> at 0x7ff4a93f0840>
epsilon value:  0.05 : number of oracle calls 15
Evaluating Coreset model on Coreset Sketch...
Applying Coreset model on Train Data
Applying Coreset model on Test Data
Applying Train model on Coreset
starting to get the uniform sample of size ---.... 315
Going for sampling...
num Points Uniformly Sampled after weighing -- for r =  0.8  and num points =  1575
got the unformly sampled points...
Running on Uniform samples...
<function expgrad.<locals>.<lambda> at 0x7ff4a93d8d08>
epsilon value:  0.05 : number of oracle calls 21
Evaluating Uniform model on Uni Sketch...
Applying Uni model on Train Data
Applying Uni model on Test Data
Applying train model on Uniform Sketch




RunId =  2  For Epsilon =  0.05
Dataset: communities; loss: square; Solver: OLS
Train set trade-off:
   specified epsilon  SP disparity      RMSE
0               0.05          0.05  0.179318
------------------------------------------------
Coreset set trade-off:
   specified epsilon  SP disparity      RMSE
0               0.05          0.05  0.161133
------------------------------------------------
Uniform Sketch set trade-off:
   specified epsilon  SP disparity      RMSE
0               0.05          0.05  0.169897
------------------------------------------------
Coreset Model on Train set trade-off:
   specified epsilon  SP disparity      RMSE
0               0.05      0.064386  0.203849
------------------------------------------------
Uniform Model on Train set trade-off:
   specified epsilon  SP disparity      RMSE
0               0.05      0.133779  0.232695
------------------------------------------------
Train on Test set trade-off:
   specified epsilon  SP disparity      RMSE
0               0.05      0.070421  0.170268
------------------------------------------------
Cor on Test set trade-off:
   specified epsilon  SP disparity      RMSE
0               0.05      0.119636  0.204756
------------------------------------------------
Uni on Test set trade-off:
   specified epsilon  SP disparity     RMSE
0               0.05      0.177054  0.22177
------------------------------------------------
Train Model on Coreset set trade-off:
   specified epsilon  SP disparity      RMSE
0               0.05      0.133493  0.165899
------------------------------------------------
Train on Uniform data set trade-off:
   specified epsilon  SP disparity      RMSE
0               0.05      0.169113  0.173463
------------------------------------------------
RunId =  3  For Epsilon =  0.05 


starting to get the coreset....
Going for sampling...
num Points Sampled -- for r =  0.8  and uniq num points =  293
num Points Sampled -- for r =  0.8  and num points =  1606
got the coreset
Running on the coreset....
<function expgrad.<locals>.<lambda> at 0x7ff4a93a9598>
epsilon value:  0.05 : number of oracle calls 15
Evaluating Coreset model on Coreset Sketch...
Applying Coreset model on Train Data
Applying Coreset model on Test Data
Applying Train model on Coreset
starting to get the uniform sample of size ---.... 293
Going for sampling...
num Points Uniformly Sampled after weighing -- for r =  0.8  and num points =  1758
got the unformly sampled points...
Running on Uniform samples...
<function expgrad.<locals>.<lambda> at 0x7ff4a93d37b8>
epsilon value:  0.05 : number of oracle calls 48
Evaluating Uniform model on Uni Sketch...
Applying Uni model on Train Data
Applying Uni model on Test Data
Applying train model on Uniform Sketch




RunId =  3  For Epsilon =  0.05
Dataset: communities; loss: square; Solver: OLS
Train set trade-off:
   specified epsilon  SP disparity      RMSE
0               0.05          0.05  0.179318
------------------------------------------------
Coreset set trade-off:
   specified epsilon  SP disparity      RMSE
0               0.05          0.05  0.161582
------------------------------------------------
Uniform Sketch set trade-off:
   specified epsilon  SP disparity      RMSE
0               0.05          0.05  0.160043
------------------------------------------------
Coreset Model on Train set trade-off:
   specified epsilon  SP disparity      RMSE
0               0.05      0.062261  0.202617
------------------------------------------------
Uniform Model on Train set trade-off:
   specified epsilon  SP disparity      RMSE
0               0.05      0.128637  0.198541
------------------------------------------------
Train on Test set trade-off:
   specified epsilon  SP disparity      RMSE
0               0.05      0.070421  0.170268
------------------------------------------------
Cor on Test set trade-off:
   specified epsilon  SP disparity      RMSE
0               0.05      0.141136  0.200503
------------------------------------------------
Uni on Test set trade-off:
   specified epsilon  SP disparity      RMSE
0               0.05      0.191345  0.199209
------------------------------------------------
Train Model on Coreset set trade-off:
   specified epsilon  SP disparity      RMSE
0               0.05       0.05856  0.181408
------------------------------------------------
Train on Uniform data set trade-off:
   specified epsilon  SP disparity      RMSE
0               0.05      0.061966  0.185824
------------------------------------------------
done with epsilon 0.05
