Starting experiment. Dataset: communities; loss: square; eps list: [0.2]; Solver: OLS
Running on full original data....
<function expgrad.<locals>.<lambda> at 0x7fad3ada0c80>
epsilon value:  0.2 : number of oracle calls 12
Done for full original data.... for eps =  0.2 


computing svd now...
Got the svd...
RunId =  1  For Epsilon =  0.2 


starting to get the coreset....
Going for sampling...
num Points Sampled -- for r =  0.6  and uniq num points =  214
num Points Sampled -- for r =  0.6  and num points =  1723
got the coreset
Running on the coreset....
<function expgrad.<locals>.<lambda> at 0x7fad3ad40e18>
epsilon value:  0.2 : number of oracle calls 12
Evaluating Coreset model on Coreset Sketch...
Applying Coreset model on Train Data
Applying Coreset model on Test Data
Applying Train model on Coreset
starting to get the uniform sample of size ---.... 214
Going for sampling...
num Points Uniformly Sampled after weighing -- for r =  0.6  and num points =  1712
got the unformly sampled points...
Running on Uniform samples...
<function expgrad.<locals>.<lambda> at 0x7fad3acecea0>
epsilon value:  0.2 : number of oracle calls 78
Evaluating Uniform model on Uni Sketch...
Applying Uni model on Train Data
Applying Uni model on Test Data
Applying train model on Uniform Sketch




RunId =  1  For Epsilon =  0.2
Dataset: communities; loss: square; Solver: OLS
Train set trade-off:
   specified epsilon  SP disparity      RMSE
0                0.2           0.2  0.157042
------------------------------------------------
Coreset set trade-off:
   specified epsilon  SP disparity      RMSE
0                0.2           0.2  0.125308
------------------------------------------------
Uniform Sketch set trade-off:
   specified epsilon  SP disparity      RMSE
0                0.2           0.2  0.076306
------------------------------------------------
Coreset Model on Train set trade-off:
   specified epsilon  SP disparity      RMSE
0                0.2      0.112639  0.212951
------------------------------------------------
Uniform Model on Train set trade-off:
   specified epsilon  SP disparity      RMSE
0                0.2       0.36065  0.252843
------------------------------------------------
Train on Test set trade-off:
   specified epsilon  SP disparity      RMSE
0                0.2      0.201483  0.147398
------------------------------------------------
Cor on Test set trade-off:
   specified epsilon  SP disparity      RMSE
0                0.2      0.250505  0.194819
------------------------------------------------
Uni on Test set trade-off:
   specified epsilon  SP disparity      RMSE
0                0.2      0.485584  0.253525
------------------------------------------------
Train Model on Coreset set trade-off:
   specified epsilon  SP disparity      RMSE
0                0.2      0.240318  0.154048
------------------------------------------------
Train on Uniform data set trade-off:
   specified epsilon  SP disparity      RMSE
0                0.2      0.100093  0.151086
------------------------------------------------
RunId =  2  For Epsilon =  0.2 


starting to get the coreset....
Going for sampling...
num Points Sampled -- for r =  0.6  and uniq num points =  233
num Points Sampled -- for r =  0.6  and num points =  1737
got the coreset
Running on the coreset....
<function expgrad.<locals>.<lambda> at 0x7fad3ad209d8>
epsilon value:  0.2 : number of oracle calls 27
Evaluating Coreset model on Coreset Sketch...
Applying Coreset model on Train Data
Applying Coreset model on Test Data
Applying Train model on Coreset
starting to get the uniform sample of size ---.... 233
Going for sampling...
num Points Uniformly Sampled after weighing -- for r =  0.6  and num points =  1631
got the unformly sampled points...
Running on Uniform samples...
<function expgrad.<locals>.<lambda> at 0x7fad3ad07d08>
epsilon value:  0.2 : number of oracle calls 60
Evaluating Uniform model on Uni Sketch...
Applying Uni model on Train Data
Applying Uni model on Test Data
Applying train model on Uniform Sketch




RunId =  2  For Epsilon =  0.2
Dataset: communities; loss: square; Solver: OLS
Train set trade-off:
   specified epsilon  SP disparity      RMSE
0                0.2           0.2  0.157042
------------------------------------------------
Coreset set trade-off:
   specified epsilon  SP disparity      RMSE
0                0.2           0.2  0.120392
------------------------------------------------
Uniform Sketch set trade-off:
   specified epsilon  SP disparity      RMSE
0                0.2           0.2  0.085891
------------------------------------------------
Coreset Model on Train set trade-off:
   specified epsilon  SP disparity      RMSE
0                0.2       0.17473  0.201161
------------------------------------------------
Uniform Model on Train set trade-off:
   specified epsilon  SP disparity      RMSE
0                0.2       0.21948  0.200552
------------------------------------------------
Train on Test set trade-off:
   specified epsilon  SP disparity      RMSE
0                0.2      0.201483  0.147398
------------------------------------------------
Cor on Test set trade-off:
   specified epsilon  SP disparity      RMSE
0                0.2      0.249013  0.201508
------------------------------------------------
Uni on Test set trade-off:
   specified epsilon  SP disparity      RMSE
0                0.2      0.324751  0.170036
------------------------------------------------
Train Model on Coreset set trade-off:
   specified epsilon  SP disparity      RMSE
0                0.2      0.187354  0.163963
------------------------------------------------
Train on Uniform data set trade-off:
   specified epsilon  SP disparity      RMSE
0                0.2      0.181403  0.147683
------------------------------------------------
RunId =  3  For Epsilon =  0.2 


starting to get the coreset....
Going for sampling...
num Points Sampled -- for r =  0.6  and uniq num points =  208
num Points Sampled -- for r =  0.6  and num points =  1576
got the coreset
Running on the coreset....
<function expgrad.<locals>.<lambda> at 0x7fad3ad660d0>
epsilon value:  0.2 : number of oracle calls 15
Evaluating Coreset model on Coreset Sketch...
Applying Coreset model on Train Data
Applying Coreset model on Test Data
Applying Train model on Coreset
starting to get the uniform sample of size ---.... 208
Going for sampling...
num Points Uniformly Sampled after weighing -- for r =  0.6  and num points =  1664
got the unformly sampled points...
Running on Uniform samples...
<function expgrad.<locals>.<lambda> at 0x7fad3ad57a60>
epsilon value:  0.2 : number of oracle calls 48
Evaluating Uniform model on Uni Sketch...
Applying Uni model on Train Data
Applying Uni model on Test Data
Applying train model on Uniform Sketch




RunId =  3  For Epsilon =  0.2
Dataset: communities; loss: square; Solver: OLS
Train set trade-off:
   specified epsilon  SP disparity      RMSE
0                0.2           0.2  0.157042
------------------------------------------------
Coreset set trade-off:
   specified epsilon  SP disparity      RMSE
0                0.2           0.2  0.138503
------------------------------------------------
Uniform Sketch set trade-off:
   specified epsilon  SP disparity      RMSE
0                0.2           0.2  0.101703
------------------------------------------------
Coreset Model on Train set trade-off:
   specified epsilon  SP disparity    RMSE
0                0.2      0.136396  0.2122
------------------------------------------------
Uniform Model on Train set trade-off:
   specified epsilon  SP disparity      RMSE
0                0.2       0.18878  0.240727
------------------------------------------------
Train on Test set trade-off:
   specified epsilon  SP disparity      RMSE
0                0.2      0.201483  0.147398
------------------------------------------------
Cor on Test set trade-off:
   specified epsilon  SP disparity      RMSE
0                0.2      0.119877  0.207265
------------------------------------------------
Uni on Test set trade-off:
   specified epsilon  SP disparity      RMSE
0                0.2      0.157156  0.255837
------------------------------------------------
Train Model on Coreset set trade-off:
   specified epsilon  SP disparity      RMSE
0                0.2      0.291048  0.158689
------------------------------------------------
Train on Uniform data set trade-off:
   specified epsilon  SP disparity      RMSE
0                0.2      0.263989  0.163252
------------------------------------------------
done with epsilon 0.2
