Starting experiment. Dataset: communities; loss: square; eps list: [0.2]; Solver: OLS
Running on full original data....
<function expgrad.<locals>.<lambda> at 0x7f4e414730d0>
epsilon value:  0.2 : number of oracle calls 15
Done for full original data.... for eps =  0.2 


computing svd now...
Got the svd...
RunId =  1  For Epsilon =  0.2 


starting to get the coreset....
Going for sampling...
num Points Sampled -- for r =  1.0  and uniq num points =  351
num Points Sampled -- for r =  1.0  and num points =  773
got the coreset
Running on the coreset....
<function expgrad.<locals>.<lambda> at 0x7f4e41479400>
epsilon value:  0.2 : number of oracle calls 12
Evaluating Coreset model on Coreset Sketch...
Applying Coreset model on Train Data
Applying Coreset model on Test Data
Applying Train model on Coreset
starting to get the uniform sample of size ---.... 351
Going for sampling...
num Points Uniformly Sampled after weighing -- for r =  1.0  and num points =  702
got the unformly sampled points...
Running on Uniform samples...
<function expgrad.<locals>.<lambda> at 0x7f4e4147a1e0>
epsilon value:  0.2 : number of oracle calls 15
Evaluating Uniform model on Uni Sketch...
Applying Uni model on Train Data
Applying Uni model on Test Data
Applying train model on Uniform Sketch




RunId =  1  For Epsilon =  0.2
Dataset: communities; loss: square; Solver: OLS
Train set trade-off:
       RMSE  SP disparity  specified epsilon
0  0.147489           0.2                0.2
------------------------------------------------
Coreset set trade-off:
       RMSE  SP disparity  specified epsilon
0  0.146219           0.2                0.2
------------------------------------------------
Uniform Sketch set trade-off:
       RMSE  SP disparity  specified epsilon
0  0.130715           0.2                0.2
------------------------------------------------
Coreset Model on Train set trade-off:
       RMSE  SP disparity  specified epsilon
0  0.167479      0.168418                0.2
------------------------------------------------
Uniform Model on Train set trade-off:
       RMSE  SP disparity  specified epsilon
0  0.183076      0.209517                0.2
------------------------------------------------
Train on Test set trade-off:
       RMSE  SP disparity  specified epsilon
0  0.166678      0.263311                0.2
------------------------------------------------
Cor on Test set trade-off:
       RMSE  SP disparity  specified epsilon
0  0.185164      0.216534                0.2
------------------------------------------------
Uni on Test set trade-off:
       RMSE  SP disparity  specified epsilon
0  0.214918      0.223124                0.2
------------------------------------------------
Train Model on Coreset set trade-off:
       RMSE  SP disparity  specified epsilon
0  0.152165      0.241704                0.2
------------------------------------------------
Train on Uniform data set trade-off:
       RMSE  SP disparity  specified epsilon
0  0.149539      0.205942                0.2
------------------------------------------------
RunId =  2  For Epsilon =  0.2 


starting to get the coreset....
Going for sampling...
num Points Sampled -- for r =  1.0  and uniq num points =  369
num Points Sampled -- for r =  1.0  and num points =  863
got the coreset
Running on the coreset....
<function expgrad.<locals>.<lambda> at 0x7f4e4147a400>
epsilon value:  0.2 : number of oracle calls 12
Evaluating Coreset model on Coreset Sketch...
Applying Coreset model on Train Data
Applying Coreset model on Test Data
Applying Train model on Coreset
starting to get the uniform sample of size ---.... 369
Going for sampling...
num Points Uniformly Sampled after weighing -- for r =  1.0  and num points =  738
got the unformly sampled points...
Running on Uniform samples...
<function expgrad.<locals>.<lambda> at 0x7f4e41424048>
epsilon value:  0.2 : number of oracle calls 57
Evaluating Uniform model on Uni Sketch...
Applying Uni model on Train Data
Applying Uni model on Test Data
Applying train model on Uniform Sketch




RunId =  2  For Epsilon =  0.2
Dataset: communities; loss: square; Solver: OLS
Train set trade-off:
       RMSE  SP disparity  specified epsilon
0  0.147489           0.2                0.2
------------------------------------------------
Coreset set trade-off:
       RMSE  SP disparity  specified epsilon
0  0.145373           0.2                0.2
------------------------------------------------
Uniform Sketch set trade-off:
       RMSE  SP disparity  specified epsilon
0  0.119077           0.2                0.2
------------------------------------------------
Coreset Model on Train set trade-off:
       RMSE  SP disparity  specified epsilon
0  0.173499      0.127481                0.2
------------------------------------------------
Uniform Model on Train set trade-off:
       RMSE  SP disparity  specified epsilon
0  0.189047      0.236949                0.2
------------------------------------------------
Train on Test set trade-off:
       RMSE  SP disparity  specified epsilon
0  0.166678      0.263311                0.2
------------------------------------------------
Cor on Test set trade-off:
      RMSE  SP disparity  specified epsilon
0  0.19516      0.210548                0.2
------------------------------------------------
Uni on Test set trade-off:
      RMSE  SP disparity  specified epsilon
0  0.20129      0.293461                0.2
------------------------------------------------
Train Model on Coreset set trade-off:
       RMSE  SP disparity  specified epsilon
0  0.144353      0.292087                0.2
------------------------------------------------
Train on Uniform data set trade-off:
       RMSE  SP disparity  specified epsilon
0  0.150971      0.262987                0.2
------------------------------------------------
RunId =  3  For Epsilon =  0.2 


starting to get the coreset....
Going for sampling...
num Points Sampled -- for r =  1.0  and uniq num points =  380
num Points Sampled -- for r =  1.0  and num points =  876
got the coreset
Running on the coreset....
<function expgrad.<locals>.<lambda> at 0x7f4e4143b8c8>
epsilon value:  0.2 : number of oracle calls 21
Evaluating Coreset model on Coreset Sketch...
Applying Coreset model on Train Data
Applying Coreset model on Test Data
Applying Train model on Coreset
starting to get the uniform sample of size ---.... 380
Going for sampling...
num Points Uniformly Sampled after weighing -- for r =  1.0  and num points =  760
got the unformly sampled points...
Running on Uniform samples...
<function expgrad.<locals>.<lambda> at 0x7f4e414382f0>
epsilon value:  0.2 : number of oracle calls 27
Evaluating Uniform model on Uni Sketch...
Applying Uni model on Train Data
Applying Uni model on Test Data
Applying train model on Uniform Sketch




RunId =  3  For Epsilon =  0.2
Dataset: communities; loss: square; Solver: OLS
Train set trade-off:
       RMSE  SP disparity  specified epsilon
0  0.147489           0.2                0.2
------------------------------------------------
Coreset set trade-off:
       RMSE  SP disparity  specified epsilon
0  0.128967           0.2                0.2
------------------------------------------------
Uniform Sketch set trade-off:
      RMSE  SP disparity  specified epsilon
0  0.12924           0.2                0.2
------------------------------------------------
Coreset Model on Train set trade-off:
       RMSE  SP disparity  specified epsilon
0  0.159525      0.178278                0.2
------------------------------------------------
Uniform Model on Train set trade-off:
       RMSE  SP disparity  specified epsilon
0  0.188493      0.183275                0.2
------------------------------------------------
Train on Test set trade-off:
       RMSE  SP disparity  specified epsilon
0  0.166678      0.263311                0.2
------------------------------------------------
Cor on Test set trade-off:
       RMSE  SP disparity  specified epsilon
0  0.178898      0.239959                0.2
------------------------------------------------
Uni on Test set trade-off:
       RMSE  SP disparity  specified epsilon
0  0.204665      0.231028                0.2
------------------------------------------------
Train Model on Coreset set trade-off:
       RMSE  SP disparity  specified epsilon
0  0.140216       0.23555                0.2
------------------------------------------------
Train on Uniform data set trade-off:
       RMSE  SP disparity  specified epsilon
0  0.150794      0.245649                0.2
------------------------------------------------
done with epsilon 0.2
