Starting experiment. Dataset: communities; loss: square; eps list: [0.15]; Solver: OLS
Running on full original data....
<function expgrad.<locals>.<lambda> at 0x7fe878e9fc80>
epsilon value:  0.15 : number of oracle calls 12
Done for full original data.... for eps =  0.15 


computing svd now...
Got the svd...
RunId =  1  For Epsilon =  0.15 


starting to get the coreset....
Going for sampling...
num Points Sampled -- for r =  0.5  and uniq num points =  201
num Points Sampled -- for r =  0.5  and num points =  901
got the coreset
Running on the coreset....
<function expgrad.<locals>.<lambda> at 0x7fe87677a268>
epsilon value:  0.15 : number of oracle calls 16
Evaluating Coreset model on Coreset Sketch...
Applying Coreset model on Train Data
Applying Coreset model on Test Data
Applying Train model on Coreset
starting to get the uniform sample of size ---.... 201
Going for sampling...
num Points Uniformly Sampled after weighing -- for r =  0.5  and num points =  804
got the unformly sampled points...
Running on Uniform samples...
<function expgrad.<locals>.<lambda> at 0x7fe876728158>
epsilon value:  0.15 : number of oracle calls 18
Evaluating Uniform model on Uni Sketch...
Applying Uni model on Train Data
Applying Uni model on Test Data
Applying train model on Uniform Sketch




RunId =  1  For Epsilon =  0.15
Dataset: communities; loss: square; Solver: OLS
Train set trade-off:
       RMSE  SP disparity  specified epsilon
0  0.153029          0.15               0.15
------------------------------------------------
Coreset set trade-off:
      RMSE  SP disparity  specified epsilon
0  0.11521          0.15               0.15
------------------------------------------------
Uniform Sketch set trade-off:
       RMSE  SP disparity  specified epsilon
0  0.107974          0.15               0.15
------------------------------------------------
Coreset Model on Train set trade-off:
       RMSE  SP disparity  specified epsilon
0  0.196657      0.127537               0.15
------------------------------------------------
Uniform Model on Train set trade-off:
       RMSE  SP disparity  specified epsilon
0  0.208554      0.167084               0.15
------------------------------------------------
Train on Test set trade-off:
       RMSE  SP disparity  specified epsilon
0  0.172954      0.208388               0.15
------------------------------------------------
Cor on Test set trade-off:
       RMSE  SP disparity  specified epsilon
0  0.216127      0.164401               0.15
------------------------------------------------
Uni on Test set trade-off:
       RMSE  SP disparity  specified epsilon
0  0.226509      0.221394               0.15
------------------------------------------------
Train Model on Coreset set trade-off:
      RMSE  SP disparity  specified epsilon
0  0.13862      0.168214               0.15
------------------------------------------------
Train on Uniform data set trade-off:
       RMSE  SP disparity  specified epsilon
0  0.155355       0.13673               0.15
------------------------------------------------
RunId =  2  For Epsilon =  0.15 


starting to get the coreset....
Going for sampling...
num Points Sampled -- for r =  0.5  and uniq num points =  181
num Points Sampled -- for r =  0.5  and num points =  844
got the coreset
Running on the coreset....
<function expgrad.<locals>.<lambda> at 0x7fe8767321e0>
epsilon value:  0.15 : number of oracle calls 21
Evaluating Coreset model on Coreset Sketch...
Applying Coreset model on Train Data
Applying Coreset model on Test Data
Applying Train model on Coreset
starting to get the uniform sample of size ---.... 181
Going for sampling...
num Points Uniformly Sampled after weighing -- for r =  0.5  and num points =  905
got the unformly sampled points...
Running on Uniform samples...
<function expgrad.<locals>.<lambda> at 0x7fe878e9f7b8>
epsilon value:  0.15 : number of oracle calls 111
Evaluating Uniform model on Uni Sketch...
Applying Uni model on Train Data
Applying Uni model on Test Data
Applying train model on Uniform Sketch




RunId =  2  For Epsilon =  0.15
Dataset: communities; loss: square; Solver: OLS
Train set trade-off:
       RMSE  SP disparity  specified epsilon
0  0.153029          0.15               0.15
------------------------------------------------
Coreset set trade-off:
       RMSE  SP disparity  specified epsilon
0  0.118104          0.15               0.15
------------------------------------------------
Uniform Sketch set trade-off:
       RMSE  SP disparity  specified epsilon
0  0.097168          0.15               0.15
------------------------------------------------
Coreset Model on Train set trade-off:
       RMSE  SP disparity  specified epsilon
0  0.206295      0.169601               0.15
------------------------------------------------
Uniform Model on Train set trade-off:
       RMSE  SP disparity  specified epsilon
0  0.239926      0.173675               0.15
------------------------------------------------
Train on Test set trade-off:
       RMSE  SP disparity  specified epsilon
0  0.172954      0.208388               0.15
------------------------------------------------
Cor on Test set trade-off:
       RMSE  SP disparity  specified epsilon
0  0.228706       0.21385               0.15
------------------------------------------------
Uni on Test set trade-off:
       RMSE  SP disparity  specified epsilon
0  0.262132      0.127491               0.15
------------------------------------------------
Train Model on Coreset set trade-off:
       RMSE  SP disparity  specified epsilon
0  0.151243      0.168293               0.15
------------------------------------------------
Train on Uniform data set trade-off:
       RMSE  SP disparity  specified epsilon
0  0.155664       0.14771               0.15
------------------------------------------------
RunId =  3  For Epsilon =  0.15 


starting to get the coreset....
Going for sampling...
num Points Sampled -- for r =  0.5  and uniq num points =  169
num Points Sampled -- for r =  0.5  and num points =  770
got the coreset
Running on the coreset....
<function expgrad.<locals>.<lambda> at 0x7fe8766ed598>
epsilon value:  0.15 : number of oracle calls 33
Evaluating Coreset model on Coreset Sketch...
Applying Coreset model on Train Data
Applying Coreset model on Test Data
Applying Train model on Coreset
starting to get the uniform sample of size ---.... 169
Going for sampling...
num Points Uniformly Sampled after weighing -- for r =  0.5  and num points =  845
got the unformly sampled points...
Running on Uniform samples...
<function expgrad.<locals>.<lambda> at 0x7fe876773bf8>
epsilon value:  0.15 : number of oracle calls 99
Evaluating Uniform model on Uni Sketch...
Applying Uni model on Train Data
Applying Uni model on Test Data
Applying train model on Uniform Sketch




RunId =  3  For Epsilon =  0.15
Dataset: communities; loss: square; Solver: OLS
Train set trade-off:
       RMSE  SP disparity  specified epsilon
0  0.153029          0.15               0.15
------------------------------------------------
Coreset set trade-off:
      RMSE  SP disparity  specified epsilon
0  0.10196          0.15               0.15
------------------------------------------------
Uniform Sketch set trade-off:
       RMSE  SP disparity  specified epsilon
0  0.083985          0.15               0.15
------------------------------------------------
Coreset Model on Train set trade-off:
       RMSE  SP disparity  specified epsilon
0  0.206353      0.170821               0.15
------------------------------------------------
Uniform Model on Train set trade-off:
       RMSE  SP disparity  specified epsilon
0  0.261513      0.141825               0.15
------------------------------------------------
Train on Test set trade-off:
       RMSE  SP disparity  specified epsilon
0  0.172954      0.208388               0.15
------------------------------------------------
Cor on Test set trade-off:
       RMSE  SP disparity  specified epsilon
0  0.229026      0.224442               0.15
------------------------------------------------
Uni on Test set trade-off:
       RMSE  SP disparity  specified epsilon
0  0.273554      0.157518               0.15
------------------------------------------------
Train Model on Coreset set trade-off:
       RMSE  SP disparity  specified epsilon
0  0.144525      0.177576               0.15
------------------------------------------------
Train on Uniform data set trade-off:
       RMSE  SP disparity  specified epsilon
0  0.139197      0.173152               0.15
------------------------------------------------
done with epsilon 0.15
