Starting experiment. Dataset: communities; loss: square; eps list: [0.2]; Solver: OLS
Running on full original data....
<function expgrad.<locals>.<lambda> at 0x7f83d31f89d8>
epsilon value:  0.2 : number of oracle calls 12
Done for full original data.... for eps =  0.2 


computing svd now...
Got the svd...
RunId =  1  For Epsilon =  0.2 


starting to get the coreset....
Going for sampling...
num Points Sampled -- for r =  2.5  and uniq num points =  869
num Points Sampled -- for r =  2.5  and num points =  1507
got the coreset
Running on the coreset....
<function expgrad.<locals>.<lambda> at 0x7f83d30d9510>
epsilon value:  0.2 : number of oracle calls 12
Evaluating Coreset model on Coreset Sketch...
Applying Coreset model on Train Data
Applying Coreset model on Test Data
Applying Train model on Coreset
starting to get the uniform sample of size ---.... 869
Going for sampling...
num Points Uniformly Sampled after weighing -- for r =  2.5  and num points =  1738
got the unformly sampled points...
Running on Uniform samples...
<function expgrad.<locals>.<lambda> at 0x7f83d2fdac80>
epsilon value:  0.2 : number of oracle calls 18
Evaluating Uniform model on Uni Sketch...
Applying Uni model on Train Data
Applying Uni model on Test Data
Applying train model on Uniform Sketch




RunId =  1  For Epsilon =  0.2
Dataset: communities; loss: square; Solver: OLS
Train set trade-off:
   specified epsilon  SP disparity      RMSE
0                0.2           0.2  0.157042
------------------------------------------------
Coreset set trade-off:
   specified epsilon  SP disparity      RMSE
0                0.2           0.2  0.154375
------------------------------------------------
Uniform Sketch set trade-off:
   specified epsilon  SP disparity      RMSE
0                0.2           0.2  0.149568
------------------------------------------------
Coreset Model on Train set trade-off:
   specified epsilon  SP disparity      RMSE
0                0.2      0.205757  0.159476
------------------------------------------------
Uniform Model on Train set trade-off:
   specified epsilon  SP disparity      RMSE
0                0.2      0.212656  0.163546
------------------------------------------------
Train on Test set trade-off:
   specified epsilon  SP disparity      RMSE
0                0.2      0.201483  0.147398
------------------------------------------------
Cor on Test set trade-off:
   specified epsilon  SP disparity      RMSE
0                0.2      0.236004  0.147949
------------------------------------------------
Uni on Test set trade-off:
   specified epsilon  SP disparity      RMSE
0                0.2      0.273777  0.148395
------------------------------------------------
Train Model on Coreset set trade-off:
   specified epsilon  SP disparity    RMSE
0                0.2      0.198907  0.1595
------------------------------------------------
Train on Uniform data set trade-off:
   specified epsilon  SP disparity      RMSE
0                0.2        0.1868  0.157232
------------------------------------------------
RunId =  2  For Epsilon =  0.2 


starting to get the coreset....
Going for sampling...
num Points Sampled -- for r =  2.5  and uniq num points =  896
num Points Sampled -- for r =  2.5  and num points =  1567
got the coreset
Running on the coreset....
<function expgrad.<locals>.<lambda> at 0x7f83d30d9ae8>
epsilon value:  0.2 : number of oracle calls 15
Evaluating Coreset model on Coreset Sketch...
Applying Coreset model on Train Data
Applying Coreset model on Test Data
Applying Train model on Coreset
starting to get the uniform sample of size ---.... 896
Going for sampling...
num Points Uniformly Sampled after weighing -- for r =  2.5  and num points =  1792
got the unformly sampled points...
Running on Uniform samples...
<function expgrad.<locals>.<lambda> at 0x7f83d2c4cd08>
epsilon value:  0.2 : number of oracle calls 15
Evaluating Uniform model on Uni Sketch...
Applying Uni model on Train Data
Applying Uni model on Test Data
Applying train model on Uniform Sketch




RunId =  2  For Epsilon =  0.2
Dataset: communities; loss: square; Solver: OLS
Train set trade-off:
   specified epsilon  SP disparity      RMSE
0                0.2           0.2  0.157042
------------------------------------------------
Coreset set trade-off:
   specified epsilon  SP disparity      RMSE
0                0.2           0.2  0.156552
------------------------------------------------
Uniform Sketch set trade-off:
   specified epsilon  SP disparity      RMSE
0                0.2           0.2  0.135913
------------------------------------------------
Coreset Model on Train set trade-off:
   specified epsilon  SP disparity     RMSE
0                0.2       0.20516  0.15914
------------------------------------------------
Uniform Model on Train set trade-off:
   specified epsilon  SP disparity      RMSE
0                0.2      0.264028  0.156752
------------------------------------------------
Train on Test set trade-off:
   specified epsilon  SP disparity      RMSE
0                0.2      0.201483  0.147398
------------------------------------------------
Cor on Test set trade-off:
   specified epsilon  SP disparity      RMSE
0                0.2      0.181238  0.149167
------------------------------------------------
Uni on Test set trade-off:
   specified epsilon  SP disparity      RMSE
0                0.2      0.333464  0.141561
------------------------------------------------
Train Model on Coreset set trade-off:
   specified epsilon  SP disparity     RMSE
0                0.2      0.207803  0.15985
------------------------------------------------
Train on Uniform data set trade-off:
   specified epsilon  SP disparity      RMSE
0                0.2      0.154615  0.154613
------------------------------------------------
RunId =  3  For Epsilon =  0.2 


starting to get the coreset....
Going for sampling...
num Points Sampled -- for r =  2.5  and uniq num points =  907
num Points Sampled -- for r =  2.5  and num points =  1607
got the coreset
Running on the coreset....
<function expgrad.<locals>.<lambda> at 0x7f83d30d9d08>
epsilon value:  0.2 : number of oracle calls 12
Evaluating Coreset model on Coreset Sketch...
Applying Coreset model on Train Data
Applying Coreset model on Test Data
Applying Train model on Coreset
starting to get the uniform sample of size ---.... 907
Going for sampling...
num Points Uniformly Sampled after weighing -- for r =  2.5  and num points =  907
got the unformly sampled points...
Running on Uniform samples...
<function expgrad.<locals>.<lambda> at 0x7f83d2a23e18>
epsilon value:  0.2 : number of oracle calls 21
Evaluating Uniform model on Uni Sketch...
Applying Uni model on Train Data
Applying Uni model on Test Data
Applying train model on Uniform Sketch




RunId =  3  For Epsilon =  0.2
Dataset: communities; loss: square; Solver: OLS
Train set trade-off:
   specified epsilon  SP disparity      RMSE
0                0.2           0.2  0.157042
------------------------------------------------
Coreset set trade-off:
   specified epsilon  SP disparity      RMSE
0                0.2           0.2  0.157338
------------------------------------------------
Uniform Sketch set trade-off:
   specified epsilon  SP disparity      RMSE
0                0.2           0.2  0.144138
------------------------------------------------
Coreset Model on Train set trade-off:
   specified epsilon  SP disparity      RMSE
0                0.2      0.186791  0.161322
------------------------------------------------
Uniform Model on Train set trade-off:
   specified epsilon  SP disparity      RMSE
0                0.2      0.215551  0.160035
------------------------------------------------
Train on Test set trade-off:
   specified epsilon  SP disparity      RMSE
0                0.2      0.201483  0.147398
------------------------------------------------
Cor on Test set trade-off:
   specified epsilon  SP disparity     RMSE
0                0.2      0.193035  0.15295
------------------------------------------------
Uni on Test set trade-off:
   specified epsilon  SP disparity      RMSE
0                0.2      0.225283  0.156758
------------------------------------------------
Train Model on Coreset set trade-off:
   specified epsilon  SP disparity      RMSE
0                0.2      0.206806  0.159619
------------------------------------------------
Train on Uniform data set trade-off:
   specified epsilon  SP disparity      RMSE
0                0.2      0.202628  0.158372
------------------------------------------------
done with epsilon 0.2
