Starting experiment. Dataset: communities; loss: square; eps list: [0.15]; Solver: OLS
Running on full original data....
<function expgrad.<locals>.<lambda> at 0x7fd45aca6620>
epsilon value:  0.15 : number of oracle calls 12
Done for full original data.... for eps =  0.15 


computing svd now...
Got the svd...
RunId =  1  For Epsilon =  0.15 


starting to get the coreset....
Going for sampling...
num Points Sampled -- for r =  0.8  and uniq num points =  302
num Points Sampled -- for r =  0.8  and num points =  1591
got the coreset
Running on the coreset....
<function expgrad.<locals>.<lambda> at 0x7fd45ac00a60>
epsilon value:  0.15 : number of oracle calls 33
Evaluating Coreset model on Coreset Sketch...
Applying Coreset model on Train Data
Applying Coreset model on Test Data
Applying Train model on Coreset
starting to get the uniform sample of size ---.... 302
Going for sampling...
num Points Uniformly Sampled after weighing -- for r =  0.8  and num points =  1510
got the unformly sampled points...
Running on Uniform samples...
<function expgrad.<locals>.<lambda> at 0x7fd45abf46a8>
epsilon value:  0.15 : number of oracle calls 18
Evaluating Uniform model on Uni Sketch...
Applying Uni model on Train Data
Applying Uni model on Test Data
Applying train model on Uniform Sketch




RunId =  1  For Epsilon =  0.15
Dataset: communities; loss: square; Solver: OLS
Train set trade-off:
   specified epsilon  SP disparity      RMSE
0               0.15          0.15  0.162684
------------------------------------------------
Coreset set trade-off:
   specified epsilon  SP disparity      RMSE
0               0.15          0.15  0.137316
------------------------------------------------
Uniform Sketch set trade-off:
   specified epsilon  SP disparity      RMSE
0               0.15          0.15  0.122496
------------------------------------------------
Coreset Model on Train set trade-off:
   specified epsilon  SP disparity      RMSE
0               0.15      0.185333  0.184868
------------------------------------------------
Uniform Model on Train set trade-off:
   specified epsilon  SP disparity      RMSE
0               0.15       0.23779  0.200738
------------------------------------------------
Train on Test set trade-off:
   specified epsilon  SP disparity      RMSE
0               0.15      0.157841  0.153601
------------------------------------------------
Cor on Test set trade-off:
   specified epsilon  SP disparity      RMSE
0               0.15        0.2563  0.173178
------------------------------------------------
Uni on Test set trade-off:
   specified epsilon  SP disparity      RMSE
0               0.15      0.236771  0.208418
------------------------------------------------
Train Model on Coreset set trade-off:
   specified epsilon  SP disparity      RMSE
0               0.15       0.11804  0.164161
------------------------------------------------
Train on Uniform data set trade-off:
   specified epsilon  SP disparity      RMSE
0               0.15      0.117283  0.158751
------------------------------------------------
RunId =  2  For Epsilon =  0.15 


starting to get the coreset....
Going for sampling...
num Points Sampled -- for r =  0.8  and uniq num points =  310
num Points Sampled -- for r =  0.8  and num points =  1713
got the coreset
Running on the coreset....
<function expgrad.<locals>.<lambda> at 0x7fd45ac33bf8>
epsilon value:  0.15 : number of oracle calls 12
Evaluating Coreset model on Coreset Sketch...
Applying Coreset model on Train Data
Applying Coreset model on Test Data
Applying Train model on Coreset
starting to get the uniform sample of size ---.... 310
Going for sampling...
num Points Uniformly Sampled after weighing -- for r =  0.8  and num points =  1550
got the unformly sampled points...
Running on Uniform samples...
<function expgrad.<locals>.<lambda> at 0x7fd45abe8d90>
epsilon value:  0.15 : number of oracle calls 27
Evaluating Uniform model on Uni Sketch...
Applying Uni model on Train Data
Applying Uni model on Test Data
Applying train model on Uniform Sketch




RunId =  2  For Epsilon =  0.15
Dataset: communities; loss: square; Solver: OLS
Train set trade-off:
   specified epsilon  SP disparity      RMSE
0               0.15          0.15  0.162684
------------------------------------------------
Coreset set trade-off:
   specified epsilon  SP disparity      RMSE
0               0.15          0.15  0.146967
------------------------------------------------
Uniform Sketch set trade-off:
   specified epsilon  SP disparity      RMSE
0               0.15          0.15  0.134295
------------------------------------------------
Coreset Model on Train set trade-off:
   specified epsilon  SP disparity      RMSE
0               0.15      0.134877  0.186249
------------------------------------------------
Uniform Model on Train set trade-off:
   specified epsilon  SP disparity      RMSE
0               0.15      0.177668  0.185324
------------------------------------------------
Train on Test set trade-off:
   specified epsilon  SP disparity      RMSE
0               0.15      0.157841  0.153601
------------------------------------------------
Cor on Test set trade-off:
   specified epsilon  SP disparity      RMSE
0               0.15      0.181481  0.174777
------------------------------------------------
Uni on Test set trade-off:
   specified epsilon  SP disparity      RMSE
0               0.15      0.223281  0.195374
------------------------------------------------
Train Model on Coreset set trade-off:
   specified epsilon  SP disparity      RMSE
0               0.15      0.143782  0.168738
------------------------------------------------
Train on Uniform data set trade-off:
   specified epsilon  SP disparity      RMSE
0               0.15      0.115804  0.174083
------------------------------------------------
RunId =  3  For Epsilon =  0.15 


starting to get the coreset....
Going for sampling...
num Points Sampled -- for r =  0.8  and uniq num points =  306
num Points Sampled -- for r =  0.8  and num points =  1802
got the coreset
Running on the coreset....
<function expgrad.<locals>.<lambda> at 0x7fd45ac00b70>
epsilon value:  0.15 : number of oracle calls 24
Evaluating Coreset model on Coreset Sketch...
Applying Coreset model on Train Data
Applying Coreset model on Test Data
Applying Train model on Coreset
starting to get the uniform sample of size ---.... 306
Going for sampling...
num Points Uniformly Sampled after weighing -- for r =  0.8  and num points =  1530
got the unformly sampled points...
Running on Uniform samples...
<function expgrad.<locals>.<lambda> at 0x7fd45ac0b840>
epsilon value:  0.15 : number of oracle calls 24
Evaluating Uniform model on Uni Sketch...
Applying Uni model on Train Data
Applying Uni model on Test Data
Applying train model on Uniform Sketch




RunId =  3  For Epsilon =  0.15
Dataset: communities; loss: square; Solver: OLS
Train set trade-off:
   specified epsilon  SP disparity      RMSE
0               0.15          0.15  0.162684
------------------------------------------------
Coreset set trade-off:
   specified epsilon  SP disparity      RMSE
0               0.15          0.15  0.137826
------------------------------------------------
Uniform Sketch set trade-off:
   specified epsilon  SP disparity      RMSE
0               0.15          0.15  0.134771
------------------------------------------------
Coreset Model on Train set trade-off:
   specified epsilon  SP disparity      RMSE
0               0.15      0.112672  0.186748
------------------------------------------------
Uniform Model on Train set trade-off:
   specified epsilon  SP disparity      RMSE
0               0.15      0.196434  0.227557
------------------------------------------------
Train on Test set trade-off:
   specified epsilon  SP disparity      RMSE
0               0.15      0.157841  0.153601
------------------------------------------------
Cor on Test set trade-off:
   specified epsilon  SP disparity      RMSE
0               0.15      0.179963  0.168527
------------------------------------------------
Uni on Test set trade-off:
   specified epsilon  SP disparity      RMSE
0               0.15      0.197887  0.226593
------------------------------------------------
Train Model on Coreset set trade-off:
   specified epsilon  SP disparity      RMSE
0               0.15      0.204982  0.152565
------------------------------------------------
Train on Uniform data set trade-off:
   specified epsilon  SP disparity      RMSE
0               0.15      0.196109  0.174124
------------------------------------------------
done with epsilon 0.15
