Starting experiment. Dataset: communities; loss: square; eps list: [0.1]; Solver: OLS
Running on full original data....
<function expgrad.<locals>.<lambda> at 0x7f6c6b05d7b8>
epsilon value:  0.1 : number of oracle calls 19
Done for full original data.... for eps =  0.1 


computing svd now...
Got the svd...
RunId =  1  For Epsilon =  0.1 


starting to get the coreset....
Going for sampling...
num Points Sampled -- for r =  1.5  and uniq num points =  505
num Points Sampled -- for r =  1.5  and num points =  806
got the coreset
Running on the coreset....
<function expgrad.<locals>.<lambda> at 0x7f6c6b078048>
epsilon value:  0.1 : number of oracle calls 16
Evaluating Coreset model on Coreset Sketch...
Applying Coreset model on Train Data
Applying Coreset model on Test Data
Applying Train model on Coreset
starting to get the uniform sample of size ---.... 505
Going for sampling...
num Points Uniformly Sampled after weighing -- for r =  1.5  and num points =  505
got the unformly sampled points...
Running on Uniform samples...
<function expgrad.<locals>.<lambda> at 0x7f6c6b078d90>
epsilon value:  0.1 : number of oracle calls 15
Evaluating Uniform model on Uni Sketch...
Applying Uni model on Train Data
Applying Uni model on Test Data
Applying train model on Uniform Sketch




RunId =  1  For Epsilon =  0.1
Dataset: communities; loss: square; Solver: OLS
Train set trade-off:
   specified epsilon  SP disparity      RMSE
0                0.1           0.1  0.159546
------------------------------------------------
Coreset set trade-off:
   specified epsilon  SP disparity      RMSE
0                0.1           0.1  0.160214
------------------------------------------------
Uniform Sketch set trade-off:
   specified epsilon  SP disparity      RMSE
0                0.1           0.1  0.153902
------------------------------------------------
Coreset Model on Train set trade-off:
   specified epsilon  SP disparity      RMSE
0                0.1      0.117315  0.161208
------------------------------------------------
Uniform Model on Train set trade-off:
   specified epsilon  SP disparity      RMSE
0                0.1      0.060336  0.183666
------------------------------------------------
Train on Test set trade-off:
   specified epsilon  SP disparity     RMSE
0                0.1      0.155222  0.17827
------------------------------------------------
Cor on Test set trade-off:
   specified epsilon  SP disparity      RMSE
0                0.1       0.16505  0.182837
------------------------------------------------
Uni on Test set trade-off:
   specified epsilon  SP disparity      RMSE
0                0.1      0.122264  0.206017
------------------------------------------------
Train Model on Coreset set trade-off:
   specified epsilon  SP disparity      RMSE
0                0.1      0.100478  0.167274
------------------------------------------------
Train on Uniform data set trade-off:
   specified epsilon  SP disparity     RMSE
0                0.1       0.15796  0.15666
------------------------------------------------
RunId =  2  For Epsilon =  0.1 


starting to get the coreset....
Going for sampling...
num Points Sampled -- for r =  1.5  and uniq num points =  525
num Points Sampled -- for r =  1.5  and num points =  852
got the coreset
Running on the coreset....
<function expgrad.<locals>.<lambda> at 0x7f6c6b05fe18>
epsilon value:  0.1 : number of oracle calls 20
Evaluating Coreset model on Coreset Sketch...
Applying Coreset model on Train Data
Applying Coreset model on Test Data
Applying Train model on Coreset
starting to get the uniform sample of size ---.... 525
Going for sampling...
num Points Uniformly Sampled after weighing -- for r =  1.5  and num points =  525
got the unformly sampled points...
Running on Uniform samples...
<function expgrad.<locals>.<lambda> at 0x7f6c6b00fbf8>
epsilon value:  0.1 : number of oracle calls 15
Evaluating Uniform model on Uni Sketch...
Applying Uni model on Train Data
Applying Uni model on Test Data
Applying train model on Uniform Sketch




RunId =  2  For Epsilon =  0.1
Dataset: communities; loss: square; Solver: OLS
Train set trade-off:
   specified epsilon  SP disparity      RMSE
0                0.1           0.1  0.159546
------------------------------------------------
Coreset set trade-off:
   specified epsilon  SP disparity     RMSE
0                0.1           0.1  0.15213
------------------------------------------------
Uniform Sketch set trade-off:
   specified epsilon  SP disparity     RMSE
0                0.1           0.1  0.14487
------------------------------------------------
Coreset Model on Train set trade-off:
   specified epsilon  SP disparity      RMSE
0                0.1      0.110417  0.165066
------------------------------------------------
Uniform Model on Train set trade-off:
   specified epsilon  SP disparity      RMSE
0                0.1      0.118684  0.173593
------------------------------------------------
Train on Test set trade-off:
   specified epsilon  SP disparity     RMSE
0                0.1      0.155222  0.17827
------------------------------------------------
Cor on Test set trade-off:
   specified epsilon  SP disparity      RMSE
0                0.1      0.165811  0.182278
------------------------------------------------
Uni on Test set trade-off:
   specified epsilon  SP disparity      RMSE
0                0.1      0.176973  0.190132
------------------------------------------------
Train Model on Coreset set trade-off:
   specified epsilon  SP disparity      RMSE
0                0.1      0.096632  0.160259
------------------------------------------------
Train on Uniform data set trade-off:
   specified epsilon  SP disparity      RMSE
0                0.1      0.119573  0.158621
------------------------------------------------
RunId =  3  For Epsilon =  0.1 


starting to get the coreset....
Going for sampling...
num Points Sampled -- for r =  1.5  and uniq num points =  506
num Points Sampled -- for r =  1.5  and num points =  817
got the coreset
Running on the coreset....
<function expgrad.<locals>.<lambda> at 0x7f6c6b06ad08>
epsilon value:  0.1 : number of oracle calls 12
Evaluating Coreset model on Coreset Sketch...
Applying Coreset model on Train Data
Applying Coreset model on Test Data
Applying Train model on Coreset
starting to get the uniform sample of size ---.... 506
Going for sampling...
num Points Uniformly Sampled after weighing -- for r =  1.5  and num points =  506
got the unformly sampled points...
Running on Uniform samples...
<function expgrad.<locals>.<lambda> at 0x7f6c6b033ea0>
epsilon value:  0.1 : number of oracle calls 16
Evaluating Uniform model on Uni Sketch...
Applying Uni model on Train Data
Applying Uni model on Test Data
Applying train model on Uniform Sketch




RunId =  3  For Epsilon =  0.1
Dataset: communities; loss: square; Solver: OLS
Train set trade-off:
   specified epsilon  SP disparity      RMSE
0                0.1           0.1  0.159546
------------------------------------------------
Coreset set trade-off:
   specified epsilon  SP disparity      RMSE
0                0.1           0.1  0.156517
------------------------------------------------
Uniform Sketch set trade-off:
   specified epsilon  SP disparity      RMSE
0                0.1           0.1  0.150513
------------------------------------------------
Coreset Model on Train set trade-off:
   specified epsilon  SP disparity      RMSE
0                0.1      0.122088  0.163156
------------------------------------------------
Uniform Model on Train set trade-off:
   specified epsilon  SP disparity      RMSE
0                0.1      0.110318  0.176868
------------------------------------------------
Train on Test set trade-off:
   specified epsilon  SP disparity     RMSE
0                0.1      0.155222  0.17827
------------------------------------------------
Cor on Test set trade-off:
   specified epsilon  SP disparity      RMSE
0                0.1      0.201211  0.183772
------------------------------------------------
Uni on Test set trade-off:
   specified epsilon  SP disparity      RMSE
0                0.1      0.164384  0.195171
------------------------------------------------
Train Model on Coreset set trade-off:
   specified epsilon  SP disparity      RMSE
0                0.1      0.082133  0.165046
------------------------------------------------
Train on Uniform data set trade-off:
   specified epsilon  SP disparity      RMSE
0                0.1      0.131255  0.158831
------------------------------------------------
done with epsilon 0.1
