Starting experiment. Dataset: communities; loss: square; eps list: [0.2]; Solver: OLS
Running on full original data....
<function expgrad.<locals>.<lambda> at 0x7fb1627157b8>
epsilon value:  0.2 : number of oracle calls 15
Done for full original data.... for eps =  0.2 


computing svd now...
Got the svd...
RunId =  1  For Epsilon =  0.2 


starting to get the coreset....
Going for sampling...
num Points Sampled -- for r =  0.5  and uniq num points =  191
num Points Sampled -- for r =  0.5  and num points =  933
got the coreset
Running on the coreset....
<function expgrad.<locals>.<lambda> at 0x7fb162715400>
epsilon value:  0.2 : number of oracle calls 12
Evaluating Coreset model on Coreset Sketch...
Applying Coreset model on Train Data
Applying Coreset model on Test Data
Applying Train model on Coreset
starting to get the uniform sample of size ---.... 191
Going for sampling...
num Points Uniformly Sampled after weighing -- for r =  0.5  and num points =  955
got the unformly sampled points...
Running on Uniform samples...
<function expgrad.<locals>.<lambda> at 0x7fb1626e1400>
epsilon value:  0.2 : number of oracle calls 147
Evaluating Uniform model on Uni Sketch...
Applying Uni model on Train Data
Applying Uni model on Test Data
Applying train model on Uniform Sketch




RunId =  1  For Epsilon =  0.2
Dataset: communities; loss: square; Solver: OLS
Train set trade-off:
       RMSE  SP disparity  specified epsilon
0  0.147489           0.2                0.2
------------------------------------------------
Coreset set trade-off:
       RMSE  SP disparity  specified epsilon
0  0.118564           0.2                0.2
------------------------------------------------
Uniform Sketch set trade-off:
       RMSE  SP disparity  specified epsilon
0  0.110206           0.2                0.2
------------------------------------------------
Coreset Model on Train set trade-off:
       RMSE  SP disparity  specified epsilon
0  0.218476       0.14306                0.2
------------------------------------------------
Uniform Model on Train set trade-off:
       RMSE  SP disparity  specified epsilon
0  0.280192      0.095745                0.2
------------------------------------------------
Train on Test set trade-off:
       RMSE  SP disparity  specified epsilon
0  0.166678      0.263311                0.2
------------------------------------------------
Cor on Test set trade-off:
      RMSE  SP disparity  specified epsilon
0  0.25565      0.124863                0.2
------------------------------------------------
Uni on Test set trade-off:
       RMSE  SP disparity  specified epsilon
0  0.304962      0.072352                0.2
------------------------------------------------
Train Model on Coreset set trade-off:
       RMSE  SP disparity  specified epsilon
0  0.150063      0.214413                0.2
------------------------------------------------
Train on Uniform data set trade-off:
       RMSE  SP disparity  specified epsilon
0  0.145046       0.41248                0.2
------------------------------------------------
RunId =  2  For Epsilon =  0.2 


starting to get the coreset....
Going for sampling...
num Points Sampled -- for r =  0.5  and uniq num points =  202
num Points Sampled -- for r =  0.5  and num points =  944
got the coreset
Running on the coreset....
<function expgrad.<locals>.<lambda> at 0x7fb1626e1bf8>
epsilon value:  0.2 : number of oracle calls 15
Evaluating Coreset model on Coreset Sketch...
Applying Coreset model on Train Data
Applying Coreset model on Test Data
Applying Train model on Coreset
starting to get the uniform sample of size ---.... 202
Going for sampling...
num Points Uniformly Sampled after weighing -- for r =  0.5  and num points =  808
got the unformly sampled points...
Running on Uniform samples...
<function expgrad.<locals>.<lambda> at 0x7fb15ffb92f0>
epsilon value:  0.2 : number of oracle calls 30
Evaluating Uniform model on Uni Sketch...
Applying Uni model on Train Data
Applying Uni model on Test Data
Applying train model on Uniform Sketch




RunId =  2  For Epsilon =  0.2
Dataset: communities; loss: square; Solver: OLS
Train set trade-off:
       RMSE  SP disparity  specified epsilon
0  0.147489           0.2                0.2
------------------------------------------------
Coreset set trade-off:
       RMSE  SP disparity  specified epsilon
0  0.119622           0.2                0.2
------------------------------------------------
Uniform Sketch set trade-off:
       RMSE  SP disparity  specified epsilon
0  0.095749           0.2                0.2
------------------------------------------------
Coreset Model on Train set trade-off:
       RMSE  SP disparity  specified epsilon
0  0.187223      0.172363                0.2
------------------------------------------------
Uniform Model on Train set trade-off:
       RMSE  SP disparity  specified epsilon
0  0.223192      0.236194                0.2
------------------------------------------------
Train on Test set trade-off:
       RMSE  SP disparity  specified epsilon
0  0.166678      0.263311                0.2
------------------------------------------------
Cor on Test set trade-off:
       RMSE  SP disparity  specified epsilon
0  0.198104      0.244336                0.2
------------------------------------------------
Uni on Test set trade-off:
       RMSE  SP disparity  specified epsilon
0  0.245393      0.229662                0.2
------------------------------------------------
Train Model on Coreset set trade-off:
       RMSE  SP disparity  specified epsilon
0  0.145956      0.261325                0.2
------------------------------------------------
Train on Uniform data set trade-off:
      RMSE  SP disparity  specified epsilon
0  0.13983      0.210975                0.2
------------------------------------------------
RunId =  3  For Epsilon =  0.2 


starting to get the coreset....
Going for sampling...
num Points Sampled -- for r =  0.5  and uniq num points =  188
num Points Sampled -- for r =  0.5  and num points =  880
got the coreset
Running on the coreset....
<function expgrad.<locals>.<lambda> at 0x7fb1626a6488>
epsilon value:  0.2 : number of oracle calls 30
Evaluating Coreset model on Coreset Sketch...
Applying Coreset model on Train Data
Applying Coreset model on Test Data
Applying Train model on Coreset
starting to get the uniform sample of size ---.... 188
Going for sampling...
num Points Uniformly Sampled after weighing -- for r =  0.5  and num points =  940
got the unformly sampled points...
Running on Uniform samples...
<function expgrad.<locals>.<lambda> at 0x7fb16270c0d0>
epsilon value:  0.2 : number of oracle calls 39
Evaluating Uniform model on Uni Sketch...
Applying Uni model on Train Data
Applying Uni model on Test Data
Applying train model on Uniform Sketch




RunId =  3  For Epsilon =  0.2
Dataset: communities; loss: square; Solver: OLS
Train set trade-off:
       RMSE  SP disparity  specified epsilon
0  0.147489           0.2                0.2
------------------------------------------------
Coreset set trade-off:
       RMSE  SP disparity  specified epsilon
0  0.106317           0.2                0.2
------------------------------------------------
Uniform Sketch set trade-off:
       RMSE  SP disparity  specified epsilon
0  0.073715           0.2                0.2
------------------------------------------------
Coreset Model on Train set trade-off:
      RMSE  SP disparity  specified epsilon
0  0.20842       0.21027                0.2
------------------------------------------------
Uniform Model on Train set trade-off:
      RMSE  SP disparity  specified epsilon
0  0.21247      0.278591                0.2
------------------------------------------------
Train on Test set trade-off:
       RMSE  SP disparity  specified epsilon
0  0.166678      0.263311                0.2
------------------------------------------------
Cor on Test set trade-off:
       RMSE  SP disparity  specified epsilon
0  0.231208      0.286125                0.2
------------------------------------------------
Uni on Test set trade-off:
       RMSE  SP disparity  specified epsilon
0  0.223263      0.344281                0.2
------------------------------------------------
Train Model on Coreset set trade-off:
       RMSE  SP disparity  specified epsilon
0  0.138669      0.239798                0.2
------------------------------------------------
Train on Uniform data set trade-off:
       RMSE  SP disparity  specified epsilon
0  0.141933      0.129876                0.2
------------------------------------------------
done with epsilon 0.2
