Starting experiment. Dataset: communities; loss: square; eps list: [0.15]; Solver: OLS
Running on full original data....
<function expgrad.<locals>.<lambda> at 0x7f901c492268>
epsilon value:  0.15 : number of oracle calls 12
Done for full original data.... for eps =  0.15 


computing svd now...
Got the svd...
RunId =  1  For Epsilon =  0.15 


starting to get the coreset....
Going for sampling...
num Points Sampled -- for r =  0.2  and uniq num points =  81
num Points Sampled -- for r =  0.2  and num points =  1928
got the coreset
Running on the coreset....
<function expgrad.<locals>.<lambda> at 0x7f901c448048>
epsilon value:  0.15 : number of oracle calls 150
Evaluating Coreset model on Coreset Sketch...
Applying Coreset model on Train Data
Applying Coreset model on Test Data
Applying Train model on Coreset
starting to get the uniform sample of size ---.... 81
Going for sampling...
num Points Uniformly Sampled after weighing -- for r =  0.2  and num points =  1782
got the unformly sampled points...
Running on Uniform samples...
<function expgrad.<locals>.<lambda> at 0x7f901c3ee730>
epsilon value:  0.15 : number of oracle calls 150
Evaluating Uniform model on Uni Sketch...
Applying Uni model on Train Data
Applying Uni model on Test Data
Applying train model on Uniform Sketch




RunId =  1  For Epsilon =  0.15
Dataset: communities; loss: square; Solver: OLS
Train set trade-off:
       RMSE  SP disparity  specified epsilon
0  0.162744          0.15               0.15
------------------------------------------------
Coreset set trade-off:
       RMSE  SP disparity  specified epsilon
0  0.070511          0.15               0.15
------------------------------------------------
Uniform Sketch set trade-off:
       RMSE  SP disparity  specified epsilon
0  0.050277          0.15               0.15
------------------------------------------------
Coreset Model on Train set trade-off:
       RMSE  SP disparity  specified epsilon
0  0.291141      0.128257               0.15
------------------------------------------------
Uniform Model on Train set trade-off:
       RMSE  SP disparity  specified epsilon
0  0.428444       0.06873               0.15
------------------------------------------------
Train on Test set trade-off:
       RMSE  SP disparity  specified epsilon
0  0.153453      0.157756               0.15
------------------------------------------------
Cor on Test set trade-off:
       RMSE  SP disparity  specified epsilon
0  0.292018      0.166167               0.15
------------------------------------------------
Uni on Test set trade-off:
       RMSE  SP disparity  specified epsilon
0  0.440327      0.119974               0.15
------------------------------------------------
Train Model on Coreset set trade-off:
       RMSE  SP disparity  specified epsilon
0  0.155738      0.153377               0.15
------------------------------------------------
Train on Uniform data set trade-off:
       RMSE  SP disparity  specified epsilon
0  0.193163      0.206852               0.15
------------------------------------------------
RunId =  2  For Epsilon =  0.15 


starting to get the coreset....
Going for sampling...
num Points Sampled -- for r =  0.2  and uniq num points =  75
num Points Sampled -- for r =  0.2  and num points =  1715
got the coreset
Running on the coreset....
<function expgrad.<locals>.<lambda> at 0x7f901eb1c6a8>
epsilon value:  0.15 : number of oracle calls 150
Evaluating Coreset model on Coreset Sketch...
Applying Coreset model on Train Data
Applying Coreset model on Test Data
Applying Train model on Coreset
starting to get the uniform sample of size ---.... 75
Going for sampling...
num Points Uniformly Sampled after weighing -- for r =  0.2  and num points =  1725
got the unformly sampled points...
Running on Uniform samples...
<function expgrad.<locals>.<lambda> at 0x7f901c450158>
epsilon value:  0.15 : number of oracle calls 150
Evaluating Uniform model on Uni Sketch...
Applying Uni model on Train Data
Applying Uni model on Test Data
Applying train model on Uniform Sketch




RunId =  2  For Epsilon =  0.15
Dataset: communities; loss: square; Solver: OLS
Train set trade-off:
       RMSE  SP disparity  specified epsilon
0  0.162744          0.15               0.15
------------------------------------------------
Coreset set trade-off:
       RMSE  SP disparity  specified epsilon
0  0.052862          0.15               0.15
------------------------------------------------
Uniform Sketch set trade-off:
       RMSE  SP disparity  specified epsilon
0  0.080989          0.15               0.15
------------------------------------------------
Coreset Model on Train set trade-off:
       RMSE  SP disparity  specified epsilon
0  0.318074      0.174787               0.15
------------------------------------------------
Uniform Model on Train set trade-off:
       RMSE  SP disparity  specified epsilon
0  0.323351      0.116022               0.15
------------------------------------------------
Train on Test set trade-off:
       RMSE  SP disparity  specified epsilon
0  0.153453      0.157756               0.15
------------------------------------------------
Cor on Test set trade-off:
      RMSE  SP disparity  specified epsilon
0  0.31866       0.16609               0.15
------------------------------------------------
Uni on Test set trade-off:
       RMSE  SP disparity  specified epsilon
0  0.352743      0.137744               0.15
------------------------------------------------
Train Model on Coreset set trade-off:
       RMSE  SP disparity  specified epsilon
0  0.161937      0.138905               0.15
------------------------------------------------
Train on Uniform data set trade-off:
       RMSE  SP disparity  specified epsilon
0  0.150369      0.273751               0.15
------------------------------------------------
RunId =  3  For Epsilon =  0.15 


starting to get the coreset....
Going for sampling...
num Points Sampled -- for r =  0.2  and uniq num points =  71
num Points Sampled -- for r =  0.2  and num points =  1547
got the coreset
Running on the coreset....
<function expgrad.<locals>.<lambda> at 0x7f901c471048>
epsilon value:  0.15 : number of oracle calls 150
Evaluating Coreset model on Coreset Sketch...
Applying Coreset model on Train Data
Applying Coreset model on Test Data
Applying Train model on Coreset
starting to get the uniform sample of size ---.... 71
Going for sampling...
num Points Uniformly Sampled after weighing -- for r =  0.2  and num points =  1775
got the unformly sampled points...
Running on Uniform samples...
<function expgrad.<locals>.<lambda> at 0x7f901c426598>
epsilon value:  0.15 : number of oracle calls 150
Evaluating Uniform model on Uni Sketch...
Applying Uni model on Train Data
Applying Uni model on Test Data
Applying train model on Uniform Sketch




RunId =  3  For Epsilon =  0.15
Dataset: communities; loss: square; Solver: OLS
Train set trade-off:
       RMSE  SP disparity  specified epsilon
0  0.162744          0.15               0.15
------------------------------------------------
Coreset set trade-off:
       RMSE  SP disparity  specified epsilon
0  0.072824          0.15               0.15
------------------------------------------------
Uniform Sketch set trade-off:
       RMSE  SP disparity  specified epsilon
0  0.089119          0.15               0.15
------------------------------------------------
Coreset Model on Train set trade-off:
       RMSE  SP disparity  specified epsilon
0  0.247469      0.149873               0.15
------------------------------------------------
Uniform Model on Train set trade-off:
       RMSE  SP disparity  specified epsilon
0  0.265291      0.108063               0.15
------------------------------------------------
Train on Test set trade-off:
       RMSE  SP disparity  specified epsilon
0  0.153453      0.157756               0.15
------------------------------------------------
Cor on Test set trade-off:
       RMSE  SP disparity  specified epsilon
0  0.250469      0.195225               0.15
------------------------------------------------
Uni on Test set trade-off:
       RMSE  SP disparity  specified epsilon
0  0.252118      0.246506               0.15
------------------------------------------------
Train Model on Coreset set trade-off:
       RMSE  SP disparity  specified epsilon
0  0.142752      0.158638               0.15
------------------------------------------------
Train on Uniform data set trade-off:
       RMSE  SP disparity  specified epsilon
0  0.154528      0.209276               0.15
------------------------------------------------
done with epsilon 0.15
