Starting experiment. Dataset: communities; loss: square; eps list: [0.15]; Solver: OLS
Running on full original data....
<function expgrad.<locals>.<lambda> at 0x7ff5a8be1378>
epsilon value:  0.15 : number of oracle calls 12
Done for full original data.... for eps =  0.15 


computing svd now...
Got the svd...
RunId =  1  For Epsilon =  0.15 


starting to get the coreset....
Going for sampling...
num Points Sampled -- for r =  2.5  and uniq num points =  881
num Points Sampled -- for r =  2.5  and num points =  1527
got the coreset
Running on the coreset....
<function expgrad.<locals>.<lambda> at 0x7ff5a8be1ea0>
epsilon value:  0.15 : number of oracle calls 12
Evaluating Coreset model on Coreset Sketch...
Applying Coreset model on Train Data
Applying Coreset model on Test Data
Applying Train model on Coreset
starting to get the uniform sample of size ---.... 881
Going for sampling...
num Points Uniformly Sampled after weighing -- for r =  2.5  and num points =  1762
got the unformly sampled points...
Running on Uniform samples...
<function expgrad.<locals>.<lambda> at 0x7ff5a8615ea0>
epsilon value:  0.15 : number of oracle calls 18
Evaluating Uniform model on Uni Sketch...
Applying Uni model on Train Data
Applying Uni model on Test Data
Applying train model on Uniform Sketch




RunId =  1  For Epsilon =  0.15
Dataset: communities; loss: square; Solver: OLS
Train set trade-off:
   specified epsilon  SP disparity      RMSE
0               0.15          0.15  0.162684
------------------------------------------------
Coreset set trade-off:
   specified epsilon  SP disparity      RMSE
0               0.15          0.15  0.160792
------------------------------------------------
Uniform Sketch set trade-off:
   specified epsilon  SP disparity      RMSE
0               0.15          0.15  0.155784
------------------------------------------------
Coreset Model on Train set trade-off:
   specified epsilon  SP disparity      RMSE
0               0.15      0.148057  0.163927
------------------------------------------------
Uniform Model on Train set trade-off:
   specified epsilon  SP disparity      RMSE
0               0.15      0.132472  0.171319
------------------------------------------------
Train on Test set trade-off:
   specified epsilon  SP disparity      RMSE
0               0.15      0.157841  0.153601
------------------------------------------------
Cor on Test set trade-off:
   specified epsilon  SP disparity      RMSE
0               0.15      0.167796  0.158911
------------------------------------------------
Uni on Test set trade-off:
   specified epsilon  SP disparity      RMSE
0               0.15      0.138953  0.159085
------------------------------------------------
Train Model on Coreset set trade-off:
   specified epsilon  SP disparity     RMSE
0               0.15      0.150547  0.16495
------------------------------------------------
Train on Uniform data set trade-off:
   specified epsilon  SP disparity      RMSE
0               0.15       0.20137  0.157655
------------------------------------------------
RunId =  2  For Epsilon =  0.15 


starting to get the coreset....
Going for sampling...
num Points Sampled -- for r =  2.5  and uniq num points =  895
num Points Sampled -- for r =  2.5  and num points =  1583
got the coreset
Running on the coreset....
<function expgrad.<locals>.<lambda> at 0x7ff5a8bf81e0>
epsilon value:  0.15 : number of oracle calls 12
Evaluating Coreset model on Coreset Sketch...
Applying Coreset model on Train Data
Applying Coreset model on Test Data
Applying Train model on Coreset
starting to get the uniform sample of size ---.... 895
Going for sampling...
num Points Uniformly Sampled after weighing -- for r =  2.5  and num points =  1790
got the unformly sampled points...
Running on Uniform samples...
<function expgrad.<locals>.<lambda> at 0x7ff5a854e9d8>
epsilon value:  0.15 : number of oracle calls 15
Evaluating Uniform model on Uni Sketch...
Applying Uni model on Train Data
Applying Uni model on Test Data
Applying train model on Uniform Sketch




RunId =  2  For Epsilon =  0.15
Dataset: communities; loss: square; Solver: OLS
Train set trade-off:
   specified epsilon  SP disparity      RMSE
0               0.15          0.15  0.162684
------------------------------------------------
Coreset set trade-off:
   specified epsilon  SP disparity      RMSE
0               0.15          0.15  0.164929
------------------------------------------------
Uniform Sketch set trade-off:
   specified epsilon  SP disparity      RMSE
0               0.15          0.15  0.147211
------------------------------------------------
Coreset Model on Train set trade-off:
   specified epsilon  SP disparity     RMSE
0               0.15       0.13398  0.16888
------------------------------------------------
Uniform Model on Train set trade-off:
   specified epsilon  SP disparity      RMSE
0               0.15      0.165411  0.166216
------------------------------------------------
Train on Test set trade-off:
   specified epsilon  SP disparity      RMSE
0               0.15      0.157841  0.153601
------------------------------------------------
Cor on Test set trade-off:
   specified epsilon  SP disparity      RMSE
0               0.15      0.134014  0.163596
------------------------------------------------
Uni on Test set trade-off:
   specified epsilon  SP disparity      RMSE
0               0.15      0.147734  0.164512
------------------------------------------------
Train Model on Coreset set trade-off:
   specified epsilon  SP disparity   RMSE
0               0.15      0.165411  0.165
------------------------------------------------
Train on Uniform data set trade-off:
   specified epsilon  SP disparity      RMSE
0               0.15      0.148709  0.159571
------------------------------------------------
RunId =  3  For Epsilon =  0.15 


starting to get the coreset....
Going for sampling...
num Points Sampled -- for r =  2.5  and uniq num points =  878
num Points Sampled -- for r =  2.5  and num points =  1530
got the coreset
Running on the coreset....
<function expgrad.<locals>.<lambda> at 0x7ff5a8bf8d90>
epsilon value:  0.15 : number of oracle calls 18
Evaluating Coreset model on Coreset Sketch...
Applying Coreset model on Train Data
Applying Coreset model on Test Data
Applying Train model on Coreset
starting to get the uniform sample of size ---.... 878
Going for sampling...
num Points Uniformly Sampled after weighing -- for r =  2.5  and num points =  1756
got the unformly sampled points...
Running on Uniform samples...
<function expgrad.<locals>.<lambda> at 0x7ff5a8b53400>
epsilon value:  0.15 : number of oracle calls 12
Evaluating Uniform model on Uni Sketch...
Applying Uni model on Train Data
Applying Uni model on Test Data
Applying train model on Uniform Sketch




RunId =  3  For Epsilon =  0.15
Dataset: communities; loss: square; Solver: OLS
Train set trade-off:
   specified epsilon  SP disparity      RMSE
0               0.15          0.15  0.162684
------------------------------------------------
Coreset set trade-off:
   specified epsilon  SP disparity      RMSE
0               0.15          0.15  0.163108
------------------------------------------------
Uniform Sketch set trade-off:
   specified epsilon  SP disparity      RMSE
0               0.15          0.15  0.141129
------------------------------------------------
Coreset Model on Train set trade-off:
   specified epsilon  SP disparity      RMSE
0               0.15      0.151174  0.164026
------------------------------------------------
Uniform Model on Train set trade-off:
   specified epsilon  SP disparity      RMSE
0               0.15      0.152029  0.177063
------------------------------------------------
Train on Test set trade-off:
   specified epsilon  SP disparity      RMSE
0               0.15      0.157841  0.153601
------------------------------------------------
Cor on Test set trade-off:
   specified epsilon  SP disparity      RMSE
0               0.15      0.142776  0.159302
------------------------------------------------
Uni on Test set trade-off:
   specified epsilon  SP disparity      RMSE
0               0.15      0.176676  0.166086
------------------------------------------------
Train Model on Coreset set trade-off:
   specified epsilon  SP disparity      RMSE
0               0.15      0.146576  0.167432
------------------------------------------------
Train on Uniform data set trade-off:
   specified epsilon  SP disparity     RMSE
0               0.15      0.166252  0.15336
------------------------------------------------
done with epsilon 0.15
