Starting experiment. Dataset: communities; loss: square; eps list: [0.01]; Solver: OLS
Running on full original data....
<function expgrad.<locals>.<lambda> at 0x7f8508fff6a8>
epsilon value:  0.01 : number of oracle calls 57
Done for full original data.... for eps =  0.01 


computing svd now...
Got the svd...
RunId =  1  For Epsilon =  0.01 


starting to get the coreset....
Going for sampling...
num Points Sampled -- for r =  0.6  and uniq num points =  226
num Points Sampled -- for r =  0.6  and num points =  1639
got the coreset
Running on the coreset....
<function expgrad.<locals>.<lambda> at 0x7f8509007bf8>
epsilon value:  0.01 : number of oracle calls 58
Evaluating Coreset model on Coreset Sketch...
Applying Coreset model on Train Data
Applying Coreset model on Test Data
Applying Train model on Coreset
starting to get the uniform sample of size ---.... 226
Going for sampling...
num Points Uniformly Sampled after weighing -- for r =  0.6  and num points =  1582
got the unformly sampled points...
Running on Uniform samples...
<function expgrad.<locals>.<lambda> at 0x7f8508fcdea0>
epsilon value:  0.01 : number of oracle calls 96
Evaluating Uniform model on Uni Sketch...
Applying Uni model on Train Data
Applying Uni model on Test Data
Applying train model on Uniform Sketch




RunId =  1  For Epsilon =  0.01
Dataset: communities; loss: square; Solver: OLS
Train set trade-off:
   specified epsilon  SP disparity      RMSE
0               0.01          0.01  0.189229
------------------------------------------------
Coreset set trade-off:
   specified epsilon  SP disparity      RMSE
0               0.01          0.01  0.173249
------------------------------------------------
Uniform Sketch set trade-off:
   specified epsilon  SP disparity      RMSE
0               0.01          0.01  0.150824
------------------------------------------------
Coreset Model on Train set trade-off:
   specified epsilon  SP disparity      RMSE
0               0.01      0.044664  0.219251
------------------------------------------------
Uniform Model on Train set trade-off:
   specified epsilon  SP disparity     RMSE
0               0.01      0.103007  0.24895
------------------------------------------------
Train on Test set trade-off:
   specified epsilon  SP disparity      RMSE
0               0.01      0.030658  0.179705
------------------------------------------------
Cor on Test set trade-off:
   specified epsilon  SP disparity      RMSE
0               0.01      0.112918  0.226707
------------------------------------------------
Uni on Test set trade-off:
   specified epsilon  SP disparity     RMSE
0               0.01      0.103744  0.23287
------------------------------------------------
Train Model on Coreset set trade-off:
   specified epsilon  SP disparity      RMSE
0               0.01      0.040861  0.191109
------------------------------------------------
Train on Uniform data set trade-off:
   specified epsilon  SP disparity      RMSE
0               0.01      0.080218  0.179262
------------------------------------------------
RunId =  2  For Epsilon =  0.01 


starting to get the coreset....
Going for sampling...
num Points Sampled -- for r =  0.6  and uniq num points =  222
num Points Sampled -- for r =  0.6  and num points =  1624
got the coreset
Running on the coreset....
<function expgrad.<locals>.<lambda> at 0x7f8508f93f28>
epsilon value:  0.01 : number of oracle calls 39
Evaluating Coreset model on Coreset Sketch...
Applying Coreset model on Train Data
Applying Coreset model on Test Data
Applying Train model on Coreset
starting to get the uniform sample of size ---.... 222
Going for sampling...
num Points Uniformly Sampled after weighing -- for r =  0.6  and num points =  1776
got the unformly sampled points...
Running on Uniform samples...
<function expgrad.<locals>.<lambda> at 0x7f8508fe2840>
epsilon value:  0.01 : number of oracle calls 75
Evaluating Uniform model on Uni Sketch...
Applying Uni model on Train Data
Applying Uni model on Test Data
Applying train model on Uniform Sketch




RunId =  2  For Epsilon =  0.01
Dataset: communities; loss: square; Solver: OLS
Train set trade-off:
   specified epsilon  SP disparity      RMSE
0               0.01          0.01  0.189229
------------------------------------------------
Coreset set trade-off:
   specified epsilon  SP disparity      RMSE
0               0.01          0.01  0.186166
------------------------------------------------
Uniform Sketch set trade-off:
   specified epsilon  SP disparity     RMSE
0               0.01          0.01  0.14908
------------------------------------------------
Coreset Model on Train set trade-off:
   specified epsilon  SP disparity     RMSE
0               0.01      0.026471  0.23007
------------------------------------------------
Uniform Model on Train set trade-off:
   specified epsilon  SP disparity      RMSE
0               0.01      0.044076  0.225275
------------------------------------------------
Train on Test set trade-off:
   specified epsilon  SP disparity      RMSE
0               0.01      0.030658  0.179705
------------------------------------------------
Cor on Test set trade-off:
   specified epsilon  SP disparity      RMSE
0               0.01      0.078325  0.229466
------------------------------------------------
Uni on Test set trade-off:
   specified epsilon  SP disparity      RMSE
0               0.01        0.0819  0.201971
------------------------------------------------
Train Model on Coreset set trade-off:
   specified epsilon  SP disparity     RMSE
0               0.01       0.04585  0.18713
------------------------------------------------
Train on Uniform data set trade-off:
   specified epsilon  SP disparity      RMSE
0               0.01      0.088894  0.181086
------------------------------------------------
RunId =  3  For Epsilon =  0.01 


starting to get the coreset....
Going for sampling...
num Points Sampled -- for r =  0.6  and uniq num points =  225
num Points Sampled -- for r =  0.6  and num points =  1684
got the coreset
Running on the coreset....
<function expgrad.<locals>.<lambda> at 0x7f8508fff268>
epsilon value:  0.01 : number of oracle calls 43
Evaluating Coreset model on Coreset Sketch...
Applying Coreset model on Train Data
Applying Coreset model on Test Data
Applying Train model on Coreset
starting to get the uniform sample of size ---.... 225
Going for sampling...
num Points Uniformly Sampled after weighing -- for r =  0.6  and num points =  1575
got the unformly sampled points...
Running on Uniform samples...
<function expgrad.<locals>.<lambda> at 0x7f8508fcd730>
epsilon value:  0.01 : number of oracle calls 49
Evaluating Uniform model on Uni Sketch...
Applying Uni model on Train Data
Applying Uni model on Test Data
Applying train model on Uniform Sketch




RunId =  3  For Epsilon =  0.01
Dataset: communities; loss: square; Solver: OLS
Train set trade-off:
   specified epsilon  SP disparity      RMSE
0               0.01          0.01  0.189229
------------------------------------------------
Coreset set trade-off:
   specified epsilon  SP disparity      RMSE
0               0.01          0.01  0.196693
------------------------------------------------
Uniform Sketch set trade-off:
   specified epsilon  SP disparity      RMSE
0               0.01          0.01  0.166127
------------------------------------------------
Coreset Model on Train set trade-off:
   specified epsilon  SP disparity      RMSE
0               0.01      0.022321  0.239643
------------------------------------------------
Uniform Model on Train set trade-off:
   specified epsilon  SP disparity      RMSE
0               0.01      0.088654  0.247908
------------------------------------------------
Train on Test set trade-off:
   specified epsilon  SP disparity      RMSE
0               0.01      0.030658  0.179705
------------------------------------------------
Cor on Test set trade-off:
   specified epsilon  SP disparity      RMSE
0               0.01      0.111902  0.239318
------------------------------------------------
Uni on Test set trade-off:
   specified epsilon  SP disparity      RMSE
0               0.01      0.092876  0.246631
------------------------------------------------
Train Model on Coreset set trade-off:
   specified epsilon  SP disparity     RMSE
0               0.01      0.054174  0.20327
------------------------------------------------
Train on Uniform data set trade-off:
   specified epsilon  SP disparity      RMSE
0               0.01      0.044537  0.176324
------------------------------------------------
done with epsilon 0.01
