Starting experiment. Dataset: communities; loss: square; eps list: [0.15]; Solver: OLS
Running on full original data....
<function expgrad.<locals>.<lambda> at 0x7faed6dd0598>
epsilon value:  0.15 : number of oracle calls 12
Done for full original data.... for eps =  0.15 


computing svd now...
Got the svd...
RunId =  1  For Epsilon =  0.15 


starting to get the coreset....
Going for sampling...
num Points Sampled -- for r =  0.4  and uniq num points =  157
num Points Sampled -- for r =  0.4  and num points =  1743
got the coreset
Running on the coreset....
<function expgrad.<locals>.<lambda> at 0x7faed6dc66a8>
epsilon value:  0.15 : number of oracle calls 12
Evaluating Coreset model on Coreset Sketch...
Applying Coreset model on Train Data
Applying Coreset model on Test Data
Applying Train model on Coreset
starting to get the uniform sample of size ---.... 157
Going for sampling...
num Points Uniformly Sampled after weighing -- for r =  0.4  and num points =  1727
got the unformly sampled points...
Running on Uniform samples...
<function expgrad.<locals>.<lambda> at 0x7faed5579158>
epsilon value:  0.15 : number of oracle calls 102
Evaluating Uniform model on Uni Sketch...
Applying Uni model on Train Data
Applying Uni model on Test Data
Applying train model on Uniform Sketch




RunId =  1  For Epsilon =  0.15
Dataset: communities; loss: square; Solver: OLS
Train set trade-off:
       RMSE  SP disparity  specified epsilon
0  0.162744          0.15               0.15
------------------------------------------------
Coreset set trade-off:
       RMSE  SP disparity  specified epsilon
0  0.124554          0.15               0.15
------------------------------------------------
Uniform Sketch set trade-off:
       RMSE  SP disparity  specified epsilon
0  0.086158          0.15               0.15
------------------------------------------------
Coreset Model on Train set trade-off:
       RMSE  SP disparity  specified epsilon
0  0.271197      0.104422               0.15
------------------------------------------------
Uniform Model on Train set trade-off:
       RMSE  SP disparity  specified epsilon
0  0.303019      0.267958               0.15
------------------------------------------------
Train on Test set trade-off:
       RMSE  SP disparity  specified epsilon
0  0.153453      0.157756               0.15
------------------------------------------------
Cor on Test set trade-off:
       RMSE  SP disparity  specified epsilon
0  0.290893       0.23334               0.15
------------------------------------------------
Uni on Test set trade-off:
      RMSE  SP disparity  specified epsilon
0  0.28552      0.264192               0.15
------------------------------------------------
Train Model on Coreset set trade-off:
       RMSE  SP disparity  specified epsilon
0  0.175065      0.179987               0.15
------------------------------------------------
Train on Uniform data set trade-off:
       RMSE  SP disparity  specified epsilon
0  0.173816      0.075445               0.15
------------------------------------------------
RunId =  2  For Epsilon =  0.15 


starting to get the coreset....
Going for sampling...
num Points Sampled -- for r =  0.4  and uniq num points =  159
num Points Sampled -- for r =  0.4  and num points =  1861
got the coreset
Running on the coreset....
<function expgrad.<locals>.<lambda> at 0x7faed557ff28>
epsilon value:  0.15 : number of oracle calls 33
Evaluating Coreset model on Coreset Sketch...
Applying Coreset model on Train Data
Applying Coreset model on Test Data
Applying Train model on Coreset
starting to get the uniform sample of size ---.... 159
Going for sampling...
num Points Uniformly Sampled after weighing -- for r =  0.4  and num points =  1749
got the unformly sampled points...
Running on Uniform samples...
<function expgrad.<locals>.<lambda> at 0x7faed6dc0378>
epsilon value:  0.15 : number of oracle calls 120
Evaluating Uniform model on Uni Sketch...
Applying Uni model on Train Data
Applying Uni model on Test Data
Applying train model on Uniform Sketch




RunId =  2  For Epsilon =  0.15
Dataset: communities; loss: square; Solver: OLS
Train set trade-off:
       RMSE  SP disparity  specified epsilon
0  0.162744          0.15               0.15
------------------------------------------------
Coreset set trade-off:
       RMSE  SP disparity  specified epsilon
0  0.096109          0.15               0.15
------------------------------------------------
Uniform Sketch set trade-off:
       RMSE  SP disparity  specified epsilon
0  0.079123          0.15               0.15
------------------------------------------------
Coreset Model on Train set trade-off:
       RMSE  SP disparity  specified epsilon
0  0.251387      0.101778               0.15
------------------------------------------------
Uniform Model on Train set trade-off:
       RMSE  SP disparity  specified epsilon
0  0.311051      0.129345               0.15
------------------------------------------------
Train on Test set trade-off:
       RMSE  SP disparity  specified epsilon
0  0.153453      0.157756               0.15
------------------------------------------------
Cor on Test set trade-off:
       RMSE  SP disparity  specified epsilon
0  0.252318      0.203522               0.15
------------------------------------------------
Uni on Test set trade-off:
       RMSE  SP disparity  specified epsilon
0  0.296001      0.205174               0.15
------------------------------------------------
Train Model on Coreset set trade-off:
       RMSE  SP disparity  specified epsilon
0  0.146145      0.168427               0.15
------------------------------------------------
Train on Uniform data set trade-off:
       RMSE  SP disparity  specified epsilon
0  0.155744      0.220918               0.15
------------------------------------------------
RunId =  3  For Epsilon =  0.15 


starting to get the coreset....
Going for sampling...
num Points Sampled -- for r =  0.4  and uniq num points =  152
num Points Sampled -- for r =  0.4  and num points =  1779
got the coreset
Running on the coreset....
<function expgrad.<locals>.<lambda> at 0x7faed5565e18>
epsilon value:  0.15 : number of oracle calls 27
Evaluating Coreset model on Coreset Sketch...
Applying Coreset model on Train Data
Applying Coreset model on Test Data
Applying Train model on Coreset
starting to get the uniform sample of size ---.... 152
Going for sampling...
num Points Uniformly Sampled after weighing -- for r =  0.4  and num points =  1672
got the unformly sampled points...
Running on Uniform samples...
<function expgrad.<locals>.<lambda> at 0x7faed6dd5d90>
epsilon value:  0.15 : number of oracle calls 69
Evaluating Uniform model on Uni Sketch...
Applying Uni model on Train Data
Applying Uni model on Test Data
Applying train model on Uniform Sketch




RunId =  3  For Epsilon =  0.15
Dataset: communities; loss: square; Solver: OLS
Train set trade-off:
       RMSE  SP disparity  specified epsilon
0  0.162744          0.15               0.15
------------------------------------------------
Coreset set trade-off:
      RMSE  SP disparity  specified epsilon
0  0.11409          0.15               0.15
------------------------------------------------
Uniform Sketch set trade-off:
       RMSE  SP disparity  specified epsilon
0  0.080067          0.15               0.15
------------------------------------------------
Coreset Model on Train set trade-off:
       RMSE  SP disparity  specified epsilon
0  0.274789      0.136575               0.15
------------------------------------------------
Uniform Model on Train set trade-off:
       RMSE  SP disparity  specified epsilon
0  0.277694      0.126186               0.15
------------------------------------------------
Train on Test set trade-off:
       RMSE  SP disparity  specified epsilon
0  0.153453      0.157756               0.15
------------------------------------------------
Cor on Test set trade-off:
       RMSE  SP disparity  specified epsilon
0  0.248431      0.151609               0.15
------------------------------------------------
Uni on Test set trade-off:
       RMSE  SP disparity  specified epsilon
0  0.260832      0.191978               0.15
------------------------------------------------
Train Model on Coreset set trade-off:
       RMSE  SP disparity  specified epsilon
0  0.156334      0.180433               0.15
------------------------------------------------
Train on Uniform data set trade-off:
      RMSE  SP disparity  specified epsilon
0  0.15499      0.084183               0.15
------------------------------------------------
done with epsilon 0.15
