Starting experiment. Dataset: communities; loss: square; eps list: [0.01]; Solver: OLS
Running on full original data....
<function expgrad.<locals>.<lambda> at 0x7fa8cefcf730>
epsilon value:  0.01 : number of oracle calls 57
Done for full original data.... for eps =  0.01 


computing svd now...
Got the svd...
RunId =  1  For Epsilon =  0.01 


starting to get the coreset....
Going for sampling...
num Points Sampled -- for r =  2.5  and uniq num points =  893
num Points Sampled -- for r =  2.5  and num points =  1569
got the coreset
Running on the coreset....
<function expgrad.<locals>.<lambda> at 0x7fa8cef5cf28>
epsilon value:  0.01 : number of oracle calls 50
Evaluating Coreset model on Coreset Sketch...
Applying Coreset model on Train Data
Applying Coreset model on Test Data
Applying Train model on Coreset
starting to get the uniform sample of size ---.... 893
Going for sampling...
num Points Uniformly Sampled after weighing -- for r =  2.5  and num points =  1786
got the unformly sampled points...
Running on Uniform samples...
<function expgrad.<locals>.<lambda> at 0x7fa8cef5ff28>
epsilon value:  0.01 : number of oracle calls 31
Evaluating Uniform model on Uni Sketch...
Applying Uni model on Train Data
Applying Uni model on Test Data
Applying train model on Uniform Sketch




RunId =  1  For Epsilon =  0.01
Dataset: communities; loss: square; Solver: OLS
Train set trade-off:
   specified epsilon  SP disparity      RMSE
0               0.01          0.01  0.189229
------------------------------------------------
Coreset set trade-off:
   specified epsilon  SP disparity      RMSE
0               0.01          0.01  0.193918
------------------------------------------------
Uniform Sketch set trade-off:
   specified epsilon  SP disparity      RMSE
0               0.01          0.01  0.194015
------------------------------------------------
Coreset Model on Train set trade-off:
   specified epsilon  SP disparity     RMSE
0               0.01      0.023492  0.19533
------------------------------------------------
Uniform Model on Train set trade-off:
   specified epsilon  SP disparity      RMSE
0               0.01      0.036279  0.208699
------------------------------------------------
Train on Test set trade-off:
   specified epsilon  SP disparity      RMSE
0               0.01      0.030658  0.179705
------------------------------------------------
Cor on Test set trade-off:
   specified epsilon  SP disparity      RMSE
0               0.01      0.041494  0.184111
------------------------------------------------
Uni on Test set trade-off:
   specified epsilon  SP disparity      RMSE
0               0.01      0.048248  0.196616
------------------------------------------------
Train Model on Coreset set trade-off:
   specified epsilon  SP disparity      RMSE
0               0.01      0.024777  0.193791
------------------------------------------------
Train on Uniform data set trade-off:
   specified epsilon  SP disparity      RMSE
0               0.01      0.057182  0.186239
------------------------------------------------
RunId =  2  For Epsilon =  0.01 


starting to get the coreset....
Going for sampling...
num Points Sampled -- for r =  2.5  and uniq num points =  896
num Points Sampled -- for r =  2.5  and num points =  1562
got the coreset
Running on the coreset....
<function expgrad.<locals>.<lambda> at 0x7fa8cefcf6a8>
epsilon value:  0.01 : number of oracle calls 49
Evaluating Coreset model on Coreset Sketch...
Applying Coreset model on Train Data
Applying Coreset model on Test Data
Applying Train model on Coreset
starting to get the uniform sample of size ---.... 896
Going for sampling...
num Points Uniformly Sampled after weighing -- for r =  2.5  and num points =  1792
got the unformly sampled points...
Running on Uniform samples...
<function expgrad.<locals>.<lambda> at 0x7fa8cef39158>
epsilon value:  0.01 : number of oracle calls 45
Evaluating Uniform model on Uni Sketch...
Applying Uni model on Train Data
Applying Uni model on Test Data
Applying train model on Uniform Sketch




RunId =  2  For Epsilon =  0.01
Dataset: communities; loss: square; Solver: OLS
Train set trade-off:
   specified epsilon  SP disparity      RMSE
0               0.01          0.01  0.189229
------------------------------------------------
Coreset set trade-off:
   specified epsilon  SP disparity      RMSE
0               0.01          0.01  0.188754
------------------------------------------------
Uniform Sketch set trade-off:
   specified epsilon  SP disparity      RMSE
0               0.01          0.01  0.194818
------------------------------------------------
Coreset Model on Train set trade-off:
   specified epsilon  SP disparity      RMSE
0               0.01      0.017208  0.192038
------------------------------------------------
Uniform Model on Train set trade-off:
   specified epsilon  SP disparity      RMSE
0               0.01      0.041743  0.195607
------------------------------------------------
Train on Test set trade-off:
   specified epsilon  SP disparity      RMSE
0               0.01      0.030658  0.179705
------------------------------------------------
Cor on Test set trade-off:
   specified epsilon  SP disparity      RMSE
0               0.01      0.046382  0.185214
------------------------------------------------
Uni on Test set trade-off:
   specified epsilon  SP disparity      RMSE
0               0.01      0.084172  0.181739
------------------------------------------------
Train Model on Coreset set trade-off:
   specified epsilon  SP disparity      RMSE
0               0.01      0.013894  0.191894
------------------------------------------------
Train on Uniform data set trade-off:
   specified epsilon  SP disparity      RMSE
0               0.01      0.080762  0.196437
------------------------------------------------
RunId =  3  For Epsilon =  0.01 


starting to get the coreset....
Going for sampling...
num Points Sampled -- for r =  2.5  and uniq num points =  897
num Points Sampled -- for r =  2.5  and num points =  1574
got the coreset
Running on the coreset....
