Starting experiment. Dataset: communities; loss: square; eps list: [0.1]; Solver: OLS
Running on full original data....
<function expgrad.<locals>.<lambda> at 0x7f68906d59d8>
epsilon value:  0.1 : number of oracle calls 12
Done for full original data.... for eps =  0.1 


computing svd now...
Got the svd...
RunId =  1  For Epsilon =  0.1 


starting to get the coreset....
Going for sampling...
num Points Sampled -- for r =  0.4  and uniq num points =  152
num Points Sampled -- for r =  0.4  and num points =  1775
got the coreset
Running on the coreset....
<function expgrad.<locals>.<lambda> at 0x7f6890596268>
epsilon value:  0.1 : number of oracle calls 78
Evaluating Coreset model on Coreset Sketch...
Applying Coreset model on Train Data
Applying Coreset model on Test Data
Applying Train model on Coreset
starting to get the uniform sample of size ---.... 152
Going for sampling...
num Points Uniformly Sampled after weighing -- for r =  0.4  and num points =  1672
got the unformly sampled points...
Running on Uniform samples...
<function expgrad.<locals>.<lambda> at 0x7f688fbf4400>
epsilon value:  0.1 : number of oracle calls 150
Evaluating Uniform model on Uni Sketch...
Applying Uni model on Train Data
Applying Uni model on Test Data
Applying train model on Uniform Sketch




RunId =  1  For Epsilon =  0.1
Dataset: communities; loss: square; Solver: OLS
Train set trade-off:
   specified epsilon  SP disparity      RMSE
0                0.1           0.1  0.168263
------------------------------------------------
Coreset set trade-off:
   specified epsilon  SP disparity      RMSE
0                0.1           0.1  0.108009
------------------------------------------------
Uniform Sketch set trade-off:
   specified epsilon  SP disparity      RMSE
0                0.1           0.1  0.100854
------------------------------------------------
Coreset Model on Train set trade-off:
   specified epsilon  SP disparity      RMSE
0                0.1       0.14526  0.273061
------------------------------------------------
Uniform Model on Train set trade-off:
   specified epsilon  SP disparity      RMSE
0                0.1       0.22135  0.267576
------------------------------------------------
Train on Test set trade-off:
   specified epsilon  SP disparity      RMSE
0                0.1       0.11365  0.159676
------------------------------------------------
Cor on Test set trade-off:
   specified epsilon  SP disparity    RMSE
0                0.1      0.243839  0.2709
------------------------------------------------
Uni on Test set trade-off:
   specified epsilon  SP disparity     RMSE
0                0.1      0.378368  0.26371
------------------------------------------------
Train Model on Coreset set trade-off:
   specified epsilon  SP disparity      RMSE
0                0.1      0.149094  0.173678
------------------------------------------------
Train on Uniform data set trade-off:
   specified epsilon  SP disparity     RMSE
0                0.1      0.167968  0.15826
------------------------------------------------
RunId =  2  For Epsilon =  0.1 


starting to get the coreset....
Going for sampling...
num Points Sampled -- for r =  0.4  and uniq num points =  159
num Points Sampled -- for r =  0.4  and num points =  1912
got the coreset
Running on the coreset....
<function expgrad.<locals>.<lambda> at 0x7f68901a88c8>
epsilon value:  0.1 : number of oracle calls 12
Evaluating Coreset model on Coreset Sketch...
Applying Coreset model on Train Data
Applying Coreset model on Test Data
Applying Train model on Coreset
starting to get the uniform sample of size ---.... 159
Going for sampling...
num Points Uniformly Sampled after weighing -- for r =  0.4  and num points =  1749
got the unformly sampled points...
Running on Uniform samples...
<function expgrad.<locals>.<lambda> at 0x7f6890513620>
epsilon value:  0.1 : number of oracle calls 150
Evaluating Uniform model on Uni Sketch...
Applying Uni model on Train Data
Applying Uni model on Test Data
Applying train model on Uniform Sketch




RunId =  2  For Epsilon =  0.1
Dataset: communities; loss: square; Solver: OLS
Train set trade-off:
   specified epsilon  SP disparity      RMSE
0                0.1           0.1  0.168263
------------------------------------------------
Coreset set trade-off:
   specified epsilon  SP disparity      RMSE
0                0.1           0.1  0.128314
------------------------------------------------
Uniform Sketch set trade-off:
   specified epsilon  SP disparity     RMSE
0                0.1           0.1  0.10037
------------------------------------------------
Coreset Model on Train set trade-off:
   specified epsilon  SP disparity      RMSE
0                0.1      0.106162  0.259868
------------------------------------------------
Uniform Model on Train set trade-off:
   specified epsilon  SP disparity      RMSE
0                0.1       0.18267  0.283429
------------------------------------------------
Train on Test set trade-off:
   specified epsilon  SP disparity      RMSE
0                0.1       0.11365  0.159676
------------------------------------------------
Cor on Test set trade-off:
   specified epsilon  SP disparity      RMSE
0                0.1      0.176977  0.261065
------------------------------------------------
Uni on Test set trade-off:
   specified epsilon  SP disparity      RMSE
0                0.1      0.230487  0.275787
------------------------------------------------
Train Model on Coreset set trade-off:
   specified epsilon  SP disparity      RMSE
0                0.1      0.187974  0.144296
------------------------------------------------
Train on Uniform data set trade-off:
   specified epsilon  SP disparity     RMSE
0                0.1      0.088785  0.16392
------------------------------------------------
RunId =  3  For Epsilon =  0.1 


starting to get the coreset....
Going for sampling...
num Points Sampled -- for r =  0.4  and uniq num points =  154
num Points Sampled -- for r =  0.4  and num points =  1828
got the coreset
Running on the coreset....
<function expgrad.<locals>.<lambda> at 0x7f688db768c8>
epsilon value:  0.1 : number of oracle calls 39
Evaluating Coreset model on Coreset Sketch...
Applying Coreset model on Train Data
Applying Coreset model on Test Data
Applying Train model on Coreset
starting to get the uniform sample of size ---.... 154
Going for sampling...
num Points Uniformly Sampled after weighing -- for r =  0.4  and num points =  1694
got the unformly sampled points...
Running on Uniform samples...
<function expgrad.<locals>.<lambda> at 0x7f68904d6840>
epsilon value:  0.1 : number of oracle calls 150
Evaluating Uniform model on Uni Sketch...
Applying Uni model on Train Data
Applying Uni model on Test Data
Applying train model on Uniform Sketch




RunId =  3  For Epsilon =  0.1
Dataset: communities; loss: square; Solver: OLS
Train set trade-off:
   specified epsilon  SP disparity      RMSE
0                0.1           0.1  0.168263
------------------------------------------------
Coreset set trade-off:
   specified epsilon  SP disparity     RMSE
0                0.1           0.1  0.10989
------------------------------------------------
Uniform Sketch set trade-off:
   specified epsilon  SP disparity      RMSE
0                0.1           0.1  0.096642
------------------------------------------------
Coreset Model on Train set trade-off:
   specified epsilon  SP disparity      RMSE
0                0.1      0.095391  0.254338
------------------------------------------------
Uniform Model on Train set trade-off:
   specified epsilon  SP disparity      RMSE
0                0.1      0.154275  0.305319
------------------------------------------------
Train on Test set trade-off:
   specified epsilon  SP disparity      RMSE
0                0.1       0.11365  0.159676
------------------------------------------------
Cor on Test set trade-off:
   specified epsilon  SP disparity      RMSE
0                0.1      0.118946  0.264357
------------------------------------------------
Uni on Test set trade-off:
   specified epsilon  SP disparity      RMSE
0                0.1      0.098978  0.339527
------------------------------------------------
Train Model on Coreset set trade-off:
   specified epsilon  SP disparity      RMSE
0                0.1      0.104307  0.161826
------------------------------------------------
Train on Uniform data set trade-off:
   specified epsilon  SP disparity      RMSE
0                0.1      0.123311  0.179253
------------------------------------------------
done with epsilon 0.1
