Starting experiment. Dataset: communities; loss: square; eps list: [0.05]; Solver: OLS
Running on full original data....
<function expgrad.<locals>.<lambda> at 0x7f420b92dae8>
epsilon value:  0.05 : number of oracle calls 27
Done for full original data.... for eps =  0.05 


computing svd now...
Got the svd...
RunId =  1  For Epsilon =  0.05 


starting to get the coreset....
Going for sampling...
num Points Sampled -- for r =  1.0  and uniq num points =  377
num Points Sampled -- for r =  1.0  and num points =  868
got the coreset
Running on the coreset....
<function expgrad.<locals>.<lambda> at 0x7f420b810378>
epsilon value:  0.05 : number of oracle calls 21
Evaluating Coreset model on Coreset Sketch...
Applying Coreset model on Train Data
Applying Coreset model on Test Data
Applying Train model on Coreset
starting to get the uniform sample of size ---.... 377
Going for sampling...
num Points Uniformly Sampled after weighing -- for r =  1.0  and num points =  754
got the unformly sampled points...
Running on Uniform samples...
<function expgrad.<locals>.<lambda> at 0x7f420b456ae8>
epsilon value:  0.05 : number of oracle calls 57
Evaluating Uniform model on Uni Sketch...
Applying Uni model on Train Data
Applying Uni model on Test Data
Applying train model on Uniform Sketch




RunId =  1  For Epsilon =  0.05
Dataset: communities; loss: square; Solver: OLS
Train set trade-off:
   specified epsilon  SP disparity      RMSE
0               0.05          0.05  0.169477
------------------------------------------------
Coreset set trade-off:
   specified epsilon  SP disparity    RMSE
0               0.05          0.05  0.1599
------------------------------------------------
Uniform Sketch set trade-off:
   specified epsilon  SP disparity     RMSE
0               0.05          0.05  0.15745
------------------------------------------------
Coreset Model on Train set trade-off:
   specified epsilon  SP disparity      RMSE
0               0.05      0.039136  0.188038
------------------------------------------------
Uniform Model on Train set trade-off:
   specified epsilon  SP disparity      RMSE
0               0.05      0.064765  0.198152
------------------------------------------------
Train on Test set trade-off:
   specified epsilon  SP disparity     RMSE
0               0.05      0.097583  0.18641
------------------------------------------------
Cor on Test set trade-off:
   specified epsilon  SP disparity      RMSE
0               0.05      0.092146  0.202587
------------------------------------------------
Uni on Test set trade-off:
   specified epsilon  SP disparity      RMSE
0               0.05      0.066963  0.223225
------------------------------------------------
Train Model on Coreset set trade-off:
   specified epsilon  SP disparity      RMSE
0               0.05      0.077374  0.166367
------------------------------------------------
Train on Uniform data set trade-off:
   specified epsilon  SP disparity      RMSE
0               0.05      0.079914  0.170733
------------------------------------------------
RunId =  2  For Epsilon =  0.05 


starting to get the coreset....
Going for sampling...
num Points Sampled -- for r =  1.0  and uniq num points =  365
num Points Sampled -- for r =  1.0  and num points =  828
got the coreset
Running on the coreset....
<function expgrad.<locals>.<lambda> at 0x7f420b981f28>
epsilon value:  0.05 : number of oracle calls 31
Evaluating Coreset model on Coreset Sketch...
Applying Coreset model on Train Data
Applying Coreset model on Test Data
Applying Train model on Coreset
starting to get the uniform sample of size ---.... 365
Going for sampling...
num Points Uniformly Sampled after weighing -- for r =  1.0  and num points =  730
got the unformly sampled points...
Running on Uniform samples...
<function expgrad.<locals>.<lambda> at 0x7f420b6af0d0>
epsilon value:  0.05 : number of oracle calls 28
Evaluating Uniform model on Uni Sketch...
Applying Uni model on Train Data
Applying Uni model on Test Data
Applying train model on Uniform Sketch




RunId =  2  For Epsilon =  0.05
Dataset: communities; loss: square; Solver: OLS
Train set trade-off:
   specified epsilon  SP disparity      RMSE
0               0.05          0.05  0.169477
------------------------------------------------
Coreset set trade-off:
   specified epsilon  SP disparity      RMSE
0               0.05          0.05  0.163565
------------------------------------------------
Uniform Sketch set trade-off:
   specified epsilon  SP disparity      RMSE
0               0.05          0.05  0.181869
------------------------------------------------
Coreset Model on Train set trade-off:
   specified epsilon  SP disparity      RMSE
0               0.05      0.058107  0.187108
------------------------------------------------
Uniform Model on Train set trade-off:
   specified epsilon  SP disparity      RMSE
0               0.05      0.103924  0.207309
------------------------------------------------
Train on Test set trade-off:
   specified epsilon  SP disparity     RMSE
0               0.05      0.097583  0.18641
------------------------------------------------
Cor on Test set trade-off:
   specified epsilon  SP disparity     RMSE
0               0.05      0.093168  0.20045
------------------------------------------------
Uni on Test set trade-off:
   specified epsilon  SP disparity      RMSE
0               0.05       0.15977  0.228035
------------------------------------------------
Train Model on Coreset set trade-off:
   specified epsilon  SP disparity      RMSE
0               0.05      0.133475  0.161745
------------------------------------------------
Train on Uniform data set trade-off:
   specified epsilon  SP disparity      RMSE
0               0.05      0.065194  0.193998
------------------------------------------------
RunId =  3  For Epsilon =  0.05 


starting to get the coreset....
Going for sampling...
num Points Sampled -- for r =  1.0  and uniq num points =  363
num Points Sampled -- for r =  1.0  and num points =  830
got the coreset
Running on the coreset....
<function expgrad.<locals>.<lambda> at 0x7f420b92d598>
epsilon value:  0.05 : number of oracle calls 24
Evaluating Coreset model on Coreset Sketch...
Applying Coreset model on Train Data
Applying Coreset model on Test Data
Applying Train model on Coreset
starting to get the uniform sample of size ---.... 363
Going for sampling...
num Points Uniformly Sampled after weighing -- for r =  1.0  and num points =  726
got the unformly sampled points...
Running on Uniform samples...
<function expgrad.<locals>.<lambda> at 0x7f420b8df400>
epsilon value:  0.05 : number of oracle calls 21
Evaluating Uniform model on Uni Sketch...
Applying Uni model on Train Data
Applying Uni model on Test Data
Applying train model on Uniform Sketch




RunId =  3  For Epsilon =  0.05
Dataset: communities; loss: square; Solver: OLS
Train set trade-off:
   specified epsilon  SP disparity      RMSE
0               0.05          0.05  0.169477
------------------------------------------------
Coreset set trade-off:
   specified epsilon  SP disparity     RMSE
0               0.05          0.05  0.16987
------------------------------------------------
Uniform Sketch set trade-off:
   specified epsilon  SP disparity      RMSE
0               0.05          0.05  0.160465
------------------------------------------------
Coreset Model on Train set trade-off:
   specified epsilon  SP disparity      RMSE
0               0.05      0.035774  0.190094
------------------------------------------------
Uniform Model on Train set trade-off:
   specified epsilon  SP disparity      RMSE
0               0.05      0.066782  0.202612
------------------------------------------------
Train on Test set trade-off:
   specified epsilon  SP disparity     RMSE
0               0.05      0.097583  0.18641
------------------------------------------------
Cor on Test set trade-off:
   specified epsilon  SP disparity      RMSE
0               0.05      0.044213  0.210871
------------------------------------------------
Uni on Test set trade-off:
   specified epsilon  SP disparity      RMSE
0               0.05      0.068558  0.220114
------------------------------------------------
Train Model on Coreset set trade-off:
   specified epsilon  SP disparity      RMSE
0               0.05      0.096882  0.165251
------------------------------------------------
Train on Uniform data set trade-off:
   specified epsilon  SP disparity      RMSE
0               0.05      0.078263  0.173738
------------------------------------------------
done with epsilon 0.05
